;! output_format 5.3
; header 115715156113
; 
;                                   PrimePower 
; 
;               Version P-2019.03-SP5-1 for linux64 - Dec 13, 2019 
; 
;                     Copyright (c) 1988 - 2019 Synopsys, Inc.
;    This software and the associated documentation are proprietary to Synopsys,
;  Inc. This software may only be used in accordance with the terms and conditions
;  of a written license agreement with Synopsys, Inc. All other use, reproduction,
;             or distribution of this software is strictly prohibited.
;

;
.time_resolution 1
.hier_separator /
.index Pc(Convolution) 1 Pc
.index Pc(Convolution/add_0_root_add_0_root_add_175_32) 2 Pc
.index Pc(Convolution/add_4_root_add_0_root_add_175_32) 3 Pc
.index Pc(Convolution/add_1_root_add_0_root_add_175_32) 4 Pc
0
2  7.222e-09
4  6.285e-09
3  5.408e-09
1  1.224e-07
10
1  2.329e-06
11
1  1.225e-07
20
1  3.581e-06
21
1  7.303e-06
22
1  4.642e-07
23
24
25
26
1  1.571e-04
27
3  5.423e-09
1  7.718e-05
28
3  5.404e-09
1  6.213e-05
29
3  5.423e-09
1  7.456e-05
30
2  7.203e-09
1  5.014e-05
31
1  3.195e-05
32
1  3.686e-05
33
4  6.284e-09
3  2.699e-06
1  6.540e-05
34
4  6.242e-09
3  1.561e-06
1  7.389e-05
35
3  5.440e-09
1  3.725e-05
36
1  2.805e-05
37
1  1.225e-06
38
1  6.298e-06
39
1  2.940e-06
40
1  3.466e-06
41
1  1.225e-06
42
1  9.160e-06
43
1  1.978e-05
44
4  6.285e-09
3  3.246e-06
1  4.626e-05
45
3  5.423e-09
1  6.921e-05
46
2  7.222e-09
1  6.429e-05
47
2  7.203e-09
1  3.268e-05
48
1  2.571e-05
49
1  2.666e-05
50
1  6.162e-05
51
3  5.408e-09
1  2.282e-04
52
1  4.698e-05
53
1  1.802e-05
54
1  4.652e-07
55
56
57
3  5.404e-09
1  1.587e-04
58
3  5.423e-09
1  6.136e-05
59
1  4.813e-06
60
1  1.201e-06
61
1  6.270e-06
62
1  1.934e-05
63
2  7.184e-09
1  3.936e-05
64
1  4.454e-05
65
1  2.717e-05
66
1  4.262e-06
67
1  2.260e-05
68
1  5.122e-05
69
1  8.770e-05
70
1  7.211e-05
71
2  7.203e-09
1  4.056e-05
72
1  4.349e-05
73
4  6.274e-09
3  1.501e-06
1  5.199e-05
74
4  6.285e-09
3  1.474e-06
1  8.475e-05
75
3  5.423e-09
1  6.900e-05
76
1  4.168e-05
77
1  3.730e-05
78
1  3.522e-05
79
2  7.184e-09
4  6.260e-09
3  2.259e-06
1  6.368e-05
80
3  2.743e-06
4  6.267e-09
1  6.875e-05
81
3  5.452e-09
2  7.203e-09
1  5.777e-05
82
3  5.436e-09
1  1.961e-04
83
1  1.438e-05
84
1  5.054e-06
85
1  4.649e-07
86
87
3  5.433e-09
1  1.518e-04
88
4  6.270e-09
3  2.989e-06
1  6.089e-05
89
3  5.425e-09
1  4.758e-06
90
1  1.201e-06
91
1  6.327e-06
92
1  2.940e-06
93
1  3.405e-06
94
1  1.201e-06
95
1  8.335e-06
96
1  1.559e-05
97
4  6.285e-09
3  9.874e-07
1  2.773e-05
98
3  5.423e-09
2  7.184e-09
1  3.585e-05
99
1  1.302e-05
100
1  2.941e-06
101
1  1.250e-05
102
1  1.393e-05
103
1  3.540e-05
104
1  1.114e-05
105
1  4.253e-06
106
1  3.131e-05
107
1  4.207e-05
108
1  3.038e-05
109
1  1.016e-05
110
1  1.268e-05
111
1  4.700e-05
112
3  5.408e-09
1  2.081e-04
113
2  7.203e-09
1  5.632e-05
114
1  2.665e-05
115
1  4.650e-07
116
117
118
1  1.617e-04
119
4  6.286e-09
3  2.477e-06
1  8.957e-05
120
3  1.660e-06
4  6.251e-09
1  7.470e-05
121
3  5.450e-09
2  7.184e-09
1  3.489e-05
122
1  2.326e-05
123
1  2.965e-06
124
1  3.405e-06
125
1  1.201e-06
126
1  8.152e-06
127
1  4.299e-06
128
1  4.172e-06
129
1  1.201e-06
130
1  6.307e-06
131
1  2.965e-06
132
1  3.448e-06
133
1  1.201e-06
134
1  9.160e-06
135
1  4.471e-06
136
1  4.172e-06
137
1  1.201e-06
138
1  6.270e-06
139
1  2.965e-06
140
1  3.466e-06
141
1  1.082e-05
142
4  6.285e-09
3  1.778e-06
1  3.730e-05
143
3  5.408e-09
1  2.117e-04
144
1  4.678e-05
145
1  1.880e-05
146
1  4.649e-07
147
148
3  5.404e-09
1  1.656e-04
149
3  5.423e-09
1  6.052e-05
150
1  4.732e-06
151
1  1.201e-06
152
1  6.371e-06
153
1  2.941e-06
154
1  3.449e-06
155
1  1.225e-06
156
1  8.196e-06
157
1  4.323e-06
158
1  4.216e-06
159
1  1.225e-06
160
1  6.371e-06
161
1  2.941e-06
162
1  3.405e-06
163
1  1.201e-06
164
1  9.239e-06
165
1  4.496e-06
166
1  4.233e-06
167
1  1.225e-06
168
1  6.270e-06
169
1  2.941e-06
170
1  3.405e-06
171
1  1.201e-06
172
1  8.277e-06
173
3  5.408e-09
1  1.716e-04
174
1  1.908e-05
175
1  5.054e-06
176
1  4.650e-07
177
178
179
3  5.404e-09
1  1.574e-04
180
3  5.423e-09
1  5.735e-05
181
1  2.189e-05
182
1  3.801e-05
183
2  7.203e-09
1  6.318e-05
184
2  7.184e-09
1  5.684e-05
185
1  4.101e-05
186
1  2.920e-05
187
1  3.876e-05
188
3  5.404e-09
1  5.950e-05
189
3  5.423e-09
2  7.203e-09
1  6.085e-05
190
1  3.331e-05
191
1  3.371e-05
192
1  3.964e-05
193
3  4.017e-06
4  6.251e-09
2  7.184e-09
1  9.027e-05
194
2  7.203e-09
4  6.236e-09
3  1.149e-06
1  8.821e-05
195
3  5.452e-09
2  7.184e-09
1  4.984e-05
196
1  2.270e-05
197
1  1.564e-05
198
4  6.285e-09
3  2.758e-06
1  4.195e-05
199
3  5.404e-09
1  6.143e-05
200
2  7.203e-09
1  3.453e-05
201
1  1.922e-05
202
1  1.159e-05
203
3  5.423e-09
1  3.101e-05
204
4  6.304e-09
3  1.659e-06
2  7.184e-09
1  2.182e-04
205
3  5.398e-09
2  7.203e-09
1  5.848e-05
206
1  2.590e-05
207
1  4.650e-07
208
209
1  1.582e-04
210
4  6.241e-09
3  2.333e-06
1  6.083e-05
211
3  5.452e-09
1  4.769e-06
212
1  1.201e-06
213
1  6.307e-06
214
1  2.965e-06
215
1  3.449e-06
216
1  1.225e-06
217
1  8.366e-06
218
1  4.262e-06
219
1  4.210e-06
220
1  1.201e-06
221
1  6.371e-06
222
1  2.940e-06
223
1  3.423e-06
224
1  1.225e-06
225
1  9.238e-06
226
1  4.459e-06
227
1  4.271e-06
228
1  1.225e-06
229
1  6.371e-06
230
1  2.940e-06
231
1  3.405e-06
232
1  1.201e-06
233
1  8.335e-06
234
3  5.436e-09
1  1.716e-04
235
1  2.070e-05
236
1  4.977e-06
237
1  4.649e-07
238
239
1  1.631e-04
240
4  6.262e-09
3  1.454e-06
1  5.877e-05
241
3  5.439e-09
1  4.775e-06
242
1  1.225e-06
243
1  2.158e-05
244
4  6.285e-09
3  2.468e-06
1  3.416e-05
245
3  5.423e-09
2  7.184e-09
1  3.697e-05
246
1  7.912e-06
247
1  8.292e-06
248
1  1.554e-05
249
1  2.064e-05
250
1  2.752e-05
251
1  1.293e-05
252
1  2.965e-06
253
1  1.494e-05
254
1  1.844e-05
255
1  3.545e-05
256
1  3.399e-05
257
1  4.686e-05
258
2  7.203e-09
1  7.504e-05
259
1  8.485e-05
260
1  3.090e-05
261
1  3.799e-05
262
1  4.370e-05
263
2  7.184e-09
3  5.409e-09
1  7.481e-05
264
3  5.408e-09
1  2.289e-04
265
1  4.430e-05
266
1  2.318e-05
267
1  4.653e-07
268
269
270
1  1.541e-04
271
3  5.423e-09
1  6.078e-05
272
1  4.715e-06
273
1  1.225e-06
274
1  6.227e-06
275
1  2.941e-06
276
1  3.423e-06
277
1  1.201e-06
278
1  8.243e-06
279
1  4.299e-06
280
1  4.173e-06
281
1  1.201e-06
282
1  1.866e-05
283
1  4.076e-05
284
1  9.426e-05
285
2  7.203e-09
1  8.944e-05
286
1  7.247e-05
287
1  8.296e-05
288
2  7.184e-09
1  9.173e-05
289
2  7.203e-09
3  5.409e-09
1  1.179e-04
290
2  7.184e-09
3  5.423e-09
1  1.076e-04
291
1  8.069e-05
292
3  5.404e-09
1  8.829e-05
293
3  5.414e-09
2  7.203e-09
1  9.063e-05
294
4  6.262e-09
3  2.477e-06
1  1.064e-04
295
4  6.260e-09
3  1.597e-06
1  2.324e-04
296
3  5.387e-09
1  5.532e-05
297
1  2.888e-05
298
1  4.648e-07
299
300
1  1.554e-04
301
4  6.270e-09
3  2.975e-06
1  6.268e-05
302
3  5.478e-09
1  4.732e-06
303
1  1.201e-06
304
1  6.414e-06
305
1  2.965e-06
306
1  3.466e-06
307
1  1.201e-06
308
1  8.410e-06
309
1  4.323e-06
310
1  4.233e-06
311
1  1.225e-06
312
1  6.328e-06
313
1  2.941e-06
314
1  3.449e-06
315
1  1.201e-06
316
1  9.196e-06
317
1  4.496e-06
318
1  4.216e-06
319
1  1.225e-06
320
1  6.351e-06
321
1  2.940e-06
322
1  3.405e-06
323
1  1.225e-06
324
1  8.196e-06
325
3  5.462e-09
1  1.724e-04
326
1  2.152e-05
327
1  4.958e-06
328
1  4.649e-07
329
330
331
1  1.572e-04
332
4  6.274e-09
3  1.642e-06
1  5.926e-05
333
3  5.463e-09
1  4.732e-06
334
1  1.201e-06
335
1  6.371e-06
336
1  2.941e-06
337
1  3.466e-06
338
1  1.225e-06
339
1  8.153e-06
340
1  4.299e-06
341
1  4.172e-06
342
1  1.201e-06
343
1  6.227e-06
344
1  2.941e-06
345
1  3.466e-06
346
1  1.225e-06
347
1  9.149e-06
348
1  4.472e-06
349
1  4.233e-06
350
1  1.201e-06
351
1  6.184e-06
352
1  2.941e-06
353
1  3.449e-06
354
1  1.577e-05
355
4  6.285e-09
3  1.923e-06
1  4.446e-05
356
3  5.408e-09
2  7.184e-09
1  2.142e-04
357
2  7.203e-09
1  5.543e-05
358
1  2.488e-05
359
1  4.650e-07
360
361
362
3  5.404e-09
1  1.605e-04
363
3  5.423e-09
1  6.333e-05
364
1  4.711e-06
365
1  1.201e-06
366
1  6.312e-06
367
1  2.965e-06
368
1  3.466e-06
369
1  1.719e-05
370
1  5.466e-05
371
1  8.112e-05
372
2  7.184e-09
1  8.929e-05
373
1  3.756e-05
374
1  3.583e-05
375
1  3.985e-05
376
3  5.385e-09
1  7.255e-05
377
3  5.423e-09
2  7.203e-09
1  7.678e-05
378
2  7.184e-09
1  4.920e-05
379
1  4.158e-05
380
1  4.384e-05
381
4  6.288e-09
3  2.935e-06
1  7.146e-05
382
2  7.203e-09
4  6.304e-09
3  2.180e-06
1  8.011e-05
383
3  5.438e-09
1  4.558e-05
384
1  2.300e-05
385
1  1.225e-06
386
1  8.196e-06
387
3  5.423e-09
1  1.747e-04
388
1  1.745e-05
389
1  4.987e-06
390
1  4.651e-07
391
392
393
1  1.523e-04
394
4  6.260e-09
3  2.990e-06
1  6.154e-05
395
3  5.476e-09
1  4.714e-06
396
1  1.225e-06
397
1  6.312e-06
398
1  2.965e-06
399
1  3.466e-06
400
1  1.225e-06
401
1  8.335e-06
402
1  4.299e-06
403
1  4.190e-06
404
1  1.201e-06
405
1  6.312e-06
406
1  2.965e-06
407
1  3.466e-06
408
1  1.225e-06
409
1  9.239e-06
410
1  1.312e-05
411
4  6.285e-09
3  2.621e-06
1  3.176e-05
412
3  5.423e-09
1  5.641e-05
413
1  8.317e-05
414
1  9.229e-05
415
1  8.910e-05
416
2  7.184e-09
1  9.114e-05
417
3  5.433e-09
2  7.203e-09
1  8.561e-05
418
3  5.408e-09
1  2.328e-04
419
1  6.112e-05
420
1  2.070e-05
421
1  4.653e-07
422
423
424
2  7.222e-09
3  5.404e-09
1  1.702e-04
425
2  7.203e-09
3  5.423e-09
1  9.210e-05
426
2  7.184e-09
3  2.226e-06
4  6.255e-09
1  8.261e-05
427
2  7.203e-09
3  3.586e-06
4  6.263e-09
1  6.780e-05
428
3  5.442e-09
2  7.184e-09
1  4.455e-05
429
1  3.036e-05
430
4  6.285e-09
3  3.096e-06
1  3.046e-05
431
3  5.423e-09
2  7.203e-09
1  4.630e-05
432
1  4.962e-05
433
1  5.694e-05
434
2  7.184e-09
1  7.689e-05
435
2  7.203e-09
4  6.274e-09
3  1.500e-06
1  7.051e-05
436
3  5.414e-09
2  7.184e-09
1  4.401e-05
437
1  4.190e-05
438
4  6.285e-09
3  1.474e-06
1  4.584e-05
439
3  5.419e-09
1  7.084e-05
440
1  5.131e-05
441
1  2.703e-05
442
1  1.979e-05
443
3  5.423e-09
1  4.085e-05
444
4  6.257e-09
3  1.791e-06
1  6.291e-05
445
3  5.438e-09
2  7.203e-09
1  3.991e-05
446
1  2.094e-05
447
1  1.201e-06
448
1  8.366e-06
449
3  5.423e-09
1  1.721e-04
450
1  1.816e-05
451
1  5.030e-06
452
1  4.651e-07
453
454
1  1.530e-04
455
4  6.281e-09
3  1.014e-06
1  6.755e-05
456
4  6.285e-09
3  1.642e-06
1  2.648e-05
457
2  7.184e-09
4  6.260e-09
3  2.475e-06
1  6.151e-05
458
4  6.284e-09
3  1.006e-06
1  6.008e-05
459
3  5.439e-09
2  7.203e-09
1  3.628e-05
460
1  2.627e-05
461
1  1.225e-06
462
1  8.409e-06
463
1  4.299e-06
464
1  4.233e-06
465
1  1.201e-06
466
1  6.350e-06
467
1  2.965e-06
468
1  3.466e-06
469
1  1.201e-06
470
1  9.025e-06
471
1  4.472e-06
472
1  4.190e-06
473
1  1.201e-06
474
1  6.307e-06
475
1  2.965e-06
476
1  3.449e-06
477
1  1.225e-06
478
1  8.378e-06
479
3  5.423e-09
1  1.724e-04
480
1  1.634e-05
481
1  5.054e-06
482
1  4.649e-07
483
484
485
1  1.494e-04
486
4  6.285e-09
3  2.426e-06
1  8.836e-05
487
3  5.423e-09
1  6.901e-05
488
2  7.184e-09
4  6.290e-09
3  4.755e-07
1  5.126e-05
489
3  2.495e-06
4  6.257e-09
1  5.911e-05
490
3  5.450e-09
1  5.303e-05
491
4  6.285e-09
3  1.981e-06
1  5.186e-05
492
3  5.423e-09
1  4.891e-05
493
1  2.812e-05
494
1  4.323e-06
495
1  1.170e-05
496
4  6.265e-09
3  5.179e-07
1  2.643e-05
497
3  5.412e-09
2  7.203e-09
1  4.895e-05
498
1  1.875e-05
499
1  3.405e-06
500
1  1.201e-06
501
1  9.208e-06
502
1  4.496e-06
503
1  4.233e-06
504
1  1.225e-06
505
1  6.269e-06
506
1  2.941e-06
507
1  3.423e-06
508
1  1.225e-06
509
1  8.285e-06
510
3  5.396e-09
1  1.719e-04
511
1  1.836e-05
512
1  5.054e-06
513
1  4.650e-07
514
515
3  5.393e-09
1  1.549e-04
516
4  6.269e-09
3  1.776e-06
1  5.902e-05
517
3  5.437e-09
1  4.758e-06
518
1  1.225e-06
519
1  6.341e-06
520
1  2.941e-06
521
1  3.405e-06
522
1  1.225e-06
523
1  8.323e-06
524
1  4.299e-06
525
1  4.173e-06
526
1  1.201e-06
527
1  6.184e-06
528
1  2.941e-06
529
1  3.405e-06
530
1  1.225e-06
531
1  9.193e-06
532
1  4.496e-06
533
1  4.233e-06
534
1  1.225e-06
535
1  6.394e-06
536
1  2.965e-06
537
1  3.466e-06
538
1  1.201e-06
539
1  8.239e-06
540
3  5.421e-09
1  1.718e-04
541
1  1.940e-05
542
1  5.054e-06
543
1  4.651e-07
544
545
546
1  1.560e-04
547
4  6.262e-09
3  2.192e-06
1  5.862e-05
548
3  5.439e-09
1  1.759e-05
549
4  6.285e-09
3  2.470e-06
1  3.596e-05
550
2  7.184e-09
3  5.385e-09
1  6.148e-05
551
3  5.423e-09
1  6.580e-05
552
2  7.203e-09
1  7.324e-05
553
2  7.184e-09
1  7.628e-05
554
2  7.203e-09
1  7.456e-05
555
2  7.184e-09
3  9.880e-07
4  6.270e-09
1  6.958e-05
556
2  7.203e-09
4  6.260e-09
3  3.538e-06
1  8.679e-05
557
4  6.285e-09
3  2.431e-06
1  8.653e-05
558
3  5.423e-09
1  7.263e-05
559
2  7.184e-09
1  4.077e-05
560
1  2.068e-05
561
1  1.268e-05
562
4  6.243e-09
3  3.078e-06
1  4.758e-05
563
4  6.298e-09
3  4.332e-06
1  8.431e-05
564
3  5.389e-09
1  4.809e-05
565
1  1.938e-05
566
1  6.351e-06
567
1  2.965e-06
568
1  3.448e-06
569
1  1.225e-06
570
1  8.363e-06
571
3  5.374e-09
1  1.730e-04
572
1  1.585e-05
573
1  4.995e-06
574
1  4.648e-07
575
576
3  5.370e-09
1  1.537e-04
577
4  6.260e-09
3  2.767e-06
1  6.453e-05
578
3  5.427e-09
1  4.769e-06
579
1  1.201e-06
580
1  1.185e-05
581
4  6.285e-09
3  2.171e-06
1  2.188e-05
582
3  5.423e-09
1  3.557e-05
583
1  7.936e-06
584
1  8.277e-06
585
1  8.617e-06
586
1  1.276e-05
587
1  2.866e-05
588
1  1.304e-05
589
1  2.941e-06
590
1  3.449e-06
591
1  1.225e-06
592
1  2.367e-05
593
1  3.150e-05
594
1  6.561e-05
595
1  6.883e-05
596
2  7.203e-09
1  3.876e-05
597
1  3.064e-05
598
1  2.997e-05
599
2  7.184e-09
1  5.509e-05
600
2  7.203e-09
1  5.425e-05
601
3  5.408e-09
1  2.018e-04
602
1  3.540e-05
603
1  4.987e-06
604
1  4.653e-07
605
606
3  5.404e-09
1  1.665e-04
607
3  5.438e-09
1  7.896e-05
608
3  5.423e-09
1  7.556e-05
609
1  3.952e-05
610
1  2.450e-05
611
1  9.852e-06
612
4  6.274e-09
3  1.716e-06
1  3.543e-05
613
4  6.238e-09
3  2.767e-06
1  7.050e-05
614
3  5.463e-09
2  7.184e-09
1  4.917e-05
615
1  2.067e-05
616
1  4.227e-06
617
1  1.201e-06
618
1  6.269e-06
619
1  2.940e-06
620
1  3.422e-06
621
1  1.225e-06
622
1  9.166e-06
623
1  4.459e-06
624
1  4.271e-06
625
1  1.225e-06
626
1  1.946e-05
627
4  6.285e-09
3  2.474e-06
1  3.728e-05
628
3  5.423e-09
1  7.215e-05
629
2  7.203e-09
1  6.996e-05
630
1  3.833e-05
631
3  5.408e-09
1  1.866e-04
632
1  1.681e-05
633
1  4.916e-06
634
1  4.651e-07
635
636
637
3  5.404e-09
1  1.530e-04
638
3  5.423e-09
1  5.686e-05
639
1  4.752e-06
640
1  1.201e-06
641
1  6.183e-06
642
1  2.940e-06
643
1  3.449e-06
644
1  1.225e-06
645
1  8.196e-06
646
1  4.262e-06
647
1  4.227e-06
648
1  1.201e-06
649
1  6.312e-06
650
1  2.965e-06
651
1  3.466e-06
652
1  1.225e-06
653
1  9.123e-06
654
1  4.434e-06
655
1  4.210e-06
656
1  1.201e-06
657
1  6.226e-06
658
1  1.474e-05
659
1  3.431e-05
660
1  7.058e-05
661
2  7.184e-09
1  6.902e-05
662
3  5.408e-09
2  7.222e-09
1  2.046e-04
663
1  3.738e-05
664
1  4.974e-06
665
1  4.653e-07
666
667
2  7.203e-09
1  1.491e-04
668
3  5.423e-09
1  5.949e-05
669
1  4.752e-06
670
1  1.201e-06
671
1  6.298e-06
672
1  2.605e-05
673
1  5.394e-05
674
1  9.444e-05
675
2  7.184e-09
1  9.379e-05
676
2  7.203e-09
1  4.250e-05
677
1  4.119e-05
678
1  4.571e-05
679
3  5.404e-09
2  7.184e-09
1  8.308e-05
680
3  5.423e-09
2  7.203e-09
1  8.488e-05
681
1  4.547e-05
682
1  3.862e-05
683
1  4.827e-05
684
2  7.184e-09
4  6.250e-09
3  1.543e-06
1  7.017e-05
685
4  6.293e-09
3  3.000e-06
1  6.831e-05
686
3  5.466e-09
1  3.983e-05
687
1  2.835e-05
688
1  2.965e-06
689
1  3.405e-06
690
1  1.225e-06
691
1  8.366e-06
692
3  5.450e-09
1  1.731e-04
693
1  1.403e-05
694
1  5.011e-06
695
1  4.650e-07
696
697
3  5.447e-09
1  1.569e-04
698
4  6.274e-09
3  2.864e-06
1  6.123e-05
699
3  5.463e-09
1  4.775e-06
700
1  1.225e-06
701
1  6.183e-06
702
1  2.940e-06
703
1  3.423e-06
704
1  1.201e-06
705
1  8.320e-06
706
1  4.299e-06
707
1  4.190e-06
708
1  1.225e-06
709
1  6.384e-06
710
1  2.965e-06
711
1  3.423e-06
712
1  1.385e-05
713
4  6.285e-09
3  1.924e-06
1  4.520e-05
714
3  5.423e-09
1  8.633e-05
715
2  7.203e-09
1  8.479e-05
716
2  7.184e-09
1  3.553e-05
717
1  3.633e-05
718
1  3.628e-05
719
3  5.428e-09
1  7.028e-05
720
3  5.423e-09
1  7.011e-05
721
2  7.203e-09
1  5.124e-05
722
3  5.408e-09
1  1.799e-04
723
1  1.900e-05
724
1  4.959e-06
725
1  4.654e-07
726
727
728
3  5.404e-09
1  1.565e-04
729
3  5.423e-09
1  5.805e-05
730
1  4.769e-06
731
1  1.201e-06
732
1  1.619e-05
733
1  2.519e-05
734
2  7.184e-09
1  3.297e-05
735
1  7.936e-06
736
1  8.329e-06
737
1  9.472e-06
738
1  1.380e-05
739
1  2.866e-05
740
1  1.302e-05
741
1  2.941e-06
742
1  3.423e-06
743
1  5.779e-06
744
1  2.183e-05
745
2  7.203e-09
1  4.366e-05
746
1  1.941e-05
747
1  1.225e-06
748
1  1.057e-05
749
1  1.843e-05
750
2  7.184e-09
1  3.691e-05
751
1  1.454e-05
752
1  2.763e-05
753
3  5.408e-09
1  1.751e-04
754
1  5.017e-05
755
1  1.180e-05
756
1  4.652e-07
757
758
1  1.557e-04
759
3  5.423e-09
1  7.328e-05
760
1  4.162e-05
761
3  5.438e-09
1  7.179e-05
762
3  5.423e-09
1  8.778e-05
763
2  7.203e-09
1  3.788e-05
764
1  4.987e-05
765
1  5.758e-05
766
2  7.184e-09
3  1.547e-06
4  6.276e-09
1  9.424e-05
767
4  6.251e-09
3  9.692e-07
1  9.362e-05
768
4  6.285e-09
3  1.518e-06
1  7.888e-05
769
3  5.423e-09
1  3.275e-05
770
1  4.672e-05
771
1  5.950e-05
772
3  5.404e-09
1  9.753e-05
773
3  5.423e-09
1  9.872e-05
774
2  7.203e-09
1  6.631e-05
775
1  8.735e-05
776
1  1.151e-04
777
4  6.284e-09
3  2.218e-06
1  1.174e-04
778
4  6.281e-09
3  4.923e-07
1  8.772e-05
779
3  5.438e-09
2  7.184e-09
1  6.360e-05
780
4  6.285e-09
3  1.642e-06
1  6.991e-05
781
3  5.404e-09
1  8.363e-05
782
3  3.413e-06
4  6.270e-09
1  1.053e-04
783
2  7.203e-09
3  1.191e-06
4  6.279e-09
1  2.416e-04
784
3  5.398e-09
1  6.382e-05
785
1  2.785e-05
786
1  4.649e-07
787
788
789
3  5.395e-09
1  1.597e-04
790
4  6.276e-09
3  2.843e-06
1  6.342e-05
791
3  5.438e-09
1  4.795e-06
792
1  1.225e-06
793
1  6.341e-06
794
1  2.941e-06
795
1  3.449e-06
796
1  1.201e-06
797
1  8.367e-06
798
1  4.262e-06
799
1  1.521e-05
800
4  6.285e-09
3  1.437e-06
1  4.286e-05
801
3  5.423e-09
1  9.146e-05
802
2  7.184e-09
1  3.727e-05
803
1  2.214e-05
804
1  1.203e-05
805
3  5.404e-09
1  4.765e-05
806
2  7.203e-09
3  5.423e-09
1  8.363e-05
807
1  3.638e-05
808
1  2.632e-05
809
1  1.488e-05
810
4  6.251e-09
3  1.590e-06
1  3.767e-05
811
4  6.279e-09
3  2.172e-06
1  8.881e-05
812
3  1.640e-06
4  6.285e-09
1  7.661e-05
813
3  5.423e-09
1  7.539e-05
814
3  5.408e-09
1  2.224e-04
815
1  5.092e-05
816
1  2.215e-05
817
1  4.651e-07
818
819
820
2  7.184e-09
1  1.627e-04
821
3  5.414e-09
1  8.575e-05
822
2  7.203e-09
3  5.423e-09
1  8.459e-05
823
2  7.184e-09
1  3.100e-05
824
1  2.359e-05
825
1  1.109e-05
826
4  6.250e-09
3  1.543e-06
1  3.679e-05
827
2  7.203e-09
4  6.284e-09
3  1.952e-06
1  6.690e-05
828
3  5.391e-09
1  4.019e-05
829
1  2.913e-05
830
1  4.233e-06
831
1  1.201e-06
832
1  6.371e-06
833
1  2.940e-06
834
1  3.405e-06
835
1  1.201e-06
836
1  9.195e-06
837
1  4.496e-06
838
1  4.233e-06
839
1  1.201e-06
840
1  6.371e-06
841
1  2.965e-06
842
1  3.466e-06
843
1  1.201e-06
844
1  8.366e-06
845
3  5.376e-09
1  1.735e-04
846
1  1.476e-05
847
1  4.977e-06
848
1  4.649e-07
849
850
851
3  5.372e-09
1  1.590e-04
852
4  6.262e-09
3  2.956e-06
1  7.575e-05
853
4  6.285e-09
3  2.432e-06
1  4.296e-05
854
2  7.184e-09
3  5.395e-09
1  7.207e-05
855
2  7.203e-09
3  5.423e-09
1  8.358e-05
856
2  7.184e-09
1  4.735e-05
857
1  7.166e-05
858
1  9.770e-05
859
3  2.306e-06
4  6.262e-09
1  1.114e-04
860
4  6.293e-09
3  3.074e-06
2  7.203e-09
1  8.648e-05
861
3  5.401e-09
1  5.108e-05
862
3  9.809e-07
4  6.285e-09
1  5.314e-05
863
2  7.184e-09
3  5.419e-09
1  6.799e-05
864
2  7.203e-09
3  5.423e-09
1  7.657e-05
865
1  3.979e-05
866
1  2.836e-05
867
1  3.285e-05
868
2  7.184e-09
4  6.284e-09
3  2.217e-06
1  6.128e-05
869
3  4.987e-07
4  6.304e-09
1  5.723e-05
870
3  5.414e-09
2  7.203e-09
1  2.318e-05
871
1  2.909e-05
872
1  2.940e-06
873
1  3.449e-06
874
1  1.225e-06
875
1  8.366e-06
876
3  5.398e-09
1  1.742e-04
877
1  1.564e-05
878
1  5.029e-06
879
1  4.649e-07
880
881
882
1  1.623e-04
883
4  6.253e-09
3  3.317e-06
1  6.172e-05
884
3  5.453e-09
1  1.429e-05
885
4  6.285e-09
3  3.901e-06
1  2.865e-05
886
2  7.184e-09
4  6.262e-09
3  2.519e-06
1  6.446e-05
887
4  6.253e-09
3  1.503e-06
1  6.340e-05
888
3  5.454e-09
1  3.439e-05
889
1  2.427e-05
890
1  8.320e-06
891
1  1.820e-05
892
4  6.285e-09
3  3.901e-06
1  3.774e-05
893
3  5.423e-09
1  3.726e-05
894
1  1.301e-05
895
1  2.941e-06
896
1  1.436e-05
897
1  1.714e-05
898
1  3.540e-05
899
1  1.117e-05
900
1  4.253e-06
901
1  7.090e-06
902
1  1.624e-05
903
1  2.922e-05
904
1  1.012e-05
905
1  1.201e-06
906
1  8.153e-06
907
3  5.408e-09
1  1.736e-04
908
1  1.948e-05
909
1  4.974e-06
910
1  4.651e-07
911
912
3  5.404e-09
1  1.679e-04
913
3  5.423e-09
1  7.757e-05
914
2  7.203e-09
1  5.485e-05
915
1  2.502e-05
916
1  6.307e-06
917
1  1.377e-05
918
4  6.272e-09
3  1.748e-06
1  3.725e-05
919
3  5.427e-09
1  4.652e-05
920
1  3.666e-05
921
4  6.285e-09
3  1.663e-06
1  3.364e-05
922
3  5.423e-09
2  7.184e-09
1  6.067e-05
923
1  4.100e-05
924
1  2.741e-05
925
1  9.578e-06
926
1  2.851e-05
927
3  5.428e-09
1  5.662e-05
928
2  7.203e-09
1  4.809e-05
929
1  2.448e-05
930
1  7.596e-06
931
3  5.423e-09
1  1.872e-05
932
2  7.184e-09
4  6.274e-09
3  1.501e-06
1  5.323e-05
933
3  5.414e-09
2  7.203e-09
1  4.374e-05
934
1  2.457e-05
935
1  1.201e-06
936
1  8.366e-06
937
3  5.398e-09
1  1.733e-04
938
1  1.579e-05
939
1  5.011e-06
940
1  4.649e-07
941
942
1  1.490e-04
943
4  6.251e-09
3  1.264e-06
1  5.682e-05
944
3  5.450e-09
1  1.440e-05
945
4  6.285e-09
3  1.778e-06
1  2.843e-05
946
3  5.423e-09
2  7.184e-09
1  5.637e-05
947
1  6.322e-05
948
1  7.571e-05
949
2  7.203e-09
1  7.518e-05
950
1  8.222e-05
951
2  7.184e-09
1  6.824e-05
952
1  8.147e-05
953
2  7.203e-09
1  8.510e-05
954
2  7.184e-09
3  5.419e-09
1  1.040e-04
955
3  5.423e-09
1  8.045e-05
956
4  6.276e-09
2  7.203e-09
3  1.494e-06
1  6.903e-05
957
4  6.269e-09
3  1.128e-06
1  6.974e-05
958
4  6.285e-09
2  7.184e-09
3  1.283e-06
1  8.679e-05
959
3  2.260e-06
4  6.262e-09
1  9.170e-05
960
2  7.203e-09
4  6.270e-09
3  3.248e-06
1  7.746e-05
961
3  5.465e-09
2  7.184e-09
1  3.742e-05
962
1  4.999e-05
963
3  1.962e-06
4  6.248e-09
1  6.546e-05
964
2  7.203e-09
3  2.135e-06
4  6.270e-09
1  1.001e-04
965
3  5.437e-09
2  7.184e-09
1  5.868e-05
966
4  6.285e-09
3  1.283e-06
1  5.632e-05
967
3  5.408e-09
1  2.171e-04
968
1  5.573e-05
969
1  2.439e-05
970
1  4.650e-07
971
972
1  1.593e-04
973
3  5.423e-09
1  8.023e-05
974
2  7.203e-09
1  5.464e-05
975
1  3.758e-05
976
1  4.100e-05
977
2  7.184e-09
1  9.398e-05
978
4  6.282e-09
3  2.687e-06
1  1.082e-04
979
2  7.222e-09
4  6.285e-09
3  2.638e-06
1  1.054e-04
980
2  7.203e-09
3  5.423e-09
1  9.924e-05
981
2  7.184e-09
1  7.951e-05
982
3  5.404e-09
1  7.826e-05
983
3  5.423e-09
1  8.595e-05
984
3  5.385e-09
1  8.347e-05
985
3  5.423e-09
2  7.203e-09
1  8.244e-05
986
1  8.551e-05
987
2  7.184e-09
3  2.275e-06
4  6.256e-09
1  7.782e-05
988
4  6.285e-09
3  2.266e-06
1  7.334e-05
989
3  3.460e-06
4  6.270e-09
1  7.353e-05
990
4  6.291e-09
3  2.838e-06
1  7.351e-05
991
3  5.440e-09
1  4.917e-05
992
3  2.580e-06
4  6.285e-09
1  5.112e-05
993
3  5.423e-09
1  3.590e-05
994
1  2.799e-05
995
1  3.309e-05
996
1  9.235e-05
997
3  5.408e-09
2  7.203e-09
1  2.439e-04
998
1  5.125e-05
999
1  2.642e-05
1000
1  4.651e-07
1001
1002
3  5.404e-09
1  1.624e-04
1003
3  5.423e-09
1  6.040e-05
1004
1  4.732e-06
1005
1  1.415e-05
1006
1  3.297e-05
1007
3  9.880e-07
4  6.270e-09
1  6.918e-05
1008
4  6.285e-09
3  1.025e-06
1  7.600e-05
1009
3  5.423e-09
2  7.184e-09
1  5.635e-05
1010
1  6.756e-05
1011
1  7.916e-05
1012
1  8.626e-05
1013
2  7.203e-09
1  7.359e-05
1014
2  7.184e-09
1  5.192e-05
1015
1  6.053e-05
1016
3  5.428e-09
1  7.263e-05
1017
3  5.423e-09
2  7.203e-09
1  8.338e-05
1018
2  7.184e-09
3  2.686e-06
4  6.289e-09
1  8.004e-05
1019
3  5.416e-09
1  5.269e-05
1020
4  6.285e-09
3  2.616e-06
1  7.137e-05
1021
4  6.290e-09
3  4.738e-07
1  7.943e-05
1022
2  7.203e-09
4  6.237e-09
3  2.317e-06
1  7.766e-05
1023
3  5.427e-09
1  3.004e-05
1024
1  1.894e-05
1025
1  1.292e-05
1026
4  6.285e-09
3  2.795e-06
1  4.978e-05
1027
3  5.408e-09
2  7.184e-09
1  2.222e-04
1028
2  7.203e-09
1  5.562e-05
1029
1  2.509e-05
1030
1  4.650e-07
1031
1032
1033
1  1.492e-04
1034
3  5.414e-09
1  6.596e-05
1035
1  4.795e-06
1036
1  2.508e-05
1037
3  5.423e-09
1  6.642e-05
1038
2  7.184e-09
1  7.792e-05
1039
2  7.203e-09
1  4.324e-05
1040
1  2.228e-05
1041
1  4.232e-05
1042
1  8.381e-05
1043
3  5.414e-09
2  7.184e-09
1  9.836e-05
1044
2  7.203e-09
1  4.658e-05
1045
1  2.951e-05
1046
1  3.067e-05
1047
3  5.423e-09
1  7.692e-05
1048
4  6.288e-09
2  7.184e-09
3  7.674e-07
1  7.693e-05
1049
3  5.411e-09
2  7.203e-09
1  4.546e-05
1050
1  2.104e-05
1051
1  1.853e-05
1052
4  6.285e-09
3  6.454e-07
1  3.215e-05
1053
4  6.251e-09
3  1.849e-06
1  7.399e-05
1054
2  7.184e-09
3  1.740e-06
4  6.285e-09
1  7.213e-05
1055
3  5.423e-09
2  7.203e-09
1  5.393e-05
1056
1  2.582e-05
1057
1  8.323e-06
1058
3  5.408e-09
2  7.222e-09
1  1.714e-04
1059
1  1.558e-05
1060
1  4.987e-06
1061
1  4.654e-07
1062
1063
1064
2  7.203e-09
1  1.580e-04
1065
3  5.423e-09
1  5.605e-05
1066
1  2.028e-05
1067
1  5.384e-05
1068
2  7.184e-09
3  5.400e-09
1  1.019e-04
1069
4  6.300e-09
3  1.191e-06
1  1.030e-04
1070
3  5.425e-09
2  7.203e-09
1  4.553e-05
1071
1  3.209e-05
1072
3  1.147e-06
4  6.285e-09
1  4.391e-05
1073
4  6.279e-09
3  2.184e-06
2  7.184e-09
1  7.764e-05
1074
4  6.274e-09
3  2.843e-06
2  7.203e-09
1  7.422e-05
1075
3  5.438e-09
1  4.166e-05
1076
1  2.482e-05
1077
1  1.017e-05
1078
4  6.285e-09
3  1.437e-06
1  2.303e-05
1079
3  5.423e-09
2  7.184e-09
1  5.136e-05
1080
2  7.203e-09
1  4.360e-05
1081
1  2.218e-05
1082
1  9.678e-06
1083
1  2.244e-05
1084
3  5.404e-09
2  7.184e-09
1  7.317e-05
1085
3  5.423e-09
1  8.905e-05
1086
1  7.430e-05
1087
1  6.009e-05
1088
1  5.662e-05
1089
3  1.494e-06
4  6.276e-09
1  2.060e-04
1090
3  5.445e-09
2  7.203e-09
1  5.005e-05
1091
1  1.921e-05
1092
1  4.650e-07
1093
1094
1  1.647e-04
1095
4  6.285e-09
3  1.451e-06
1  8.003e-05
1096
3  5.423e-09
1  6.397e-05
1097
2  7.184e-09
1  6.043e-05
1098
2  7.203e-09
1  3.823e-05
1099
1  4.358e-05
1100
2  7.184e-09
1  5.036e-05
1101
3  5.419e-09
1  4.971e-05
1102
2  7.203e-09
3  5.423e-09
1  8.587e-05
1103
1  4.147e-05
1104
1  2.155e-05
1105
1  1.765e-05
1106
4  6.246e-09
3  1.334e-06
2  7.184e-09
1  5.755e-05
1107
2  7.203e-09
4  6.238e-09
3  1.235e-06
1  5.102e-05
1108
3  5.463e-09
2  7.184e-09
1  3.339e-05
1109
1  1.248e-05
1110
1  9.123e-06
1111
1  4.459e-06
1112
1  4.210e-06
1113
1  1.225e-06
1114
1  2.714e-05
1115
4  6.285e-09
3  2.474e-06
1  4.937e-05
1116
2  7.203e-09
3  5.423e-09
1  8.575e-05
1117
1  8.463e-05
1118
2  7.184e-09
1  5.627e-05
1119
2  7.203e-09
3  5.408e-09
1  1.819e-04
1120
1  1.896e-05
1121
1  4.983e-06
1122
1  4.653e-07
1123
1124
2  7.184e-09
3  5.404e-09
1  1.642e-04
1125
3  5.390e-09
1  9.933e-05
1126
3  5.423e-09
2  7.203e-09
1  9.000e-05
1127
2  7.184e-09
1  4.645e-05
1128
1  2.551e-05
1129
1  3.184e-05
1130
2  7.203e-09
4  6.277e-09
3  2.476e-06
1  7.634e-05
1131
2  7.184e-09
3  2.166e-06
4  6.284e-09
1  1.069e-04
1132
3  5.476e-09
1  4.566e-05
1133
1  2.197e-05
1134
1  1.882e-05
1135
4  6.285e-09
3  2.579e-06
1  4.589e-05
1136
3  5.423e-09
1  8.673e-05
1137
2  7.203e-09
1  6.127e-05
1138
1  6.364e-05
1139
2  7.184e-09
1  8.069e-05
1140
2  7.203e-09
3  2.979e-06
4  6.289e-09
1  1.023e-04
1141
3  2.245e-06
4  6.250e-09
1  7.260e-05
1142
3  5.466e-09
1  4.915e-05
1143
3  4.090e-06
4  6.285e-09
1  6.328e-05
1144
2  7.184e-09
3  5.414e-09
1  6.055e-05
1145
1  3.084e-05
1146
1  1.602e-05
1147
1  7.578e-06
1148
3  5.423e-09
1  3.012e-05
1149
4  6.289e-09
3  2.980e-06
1  2.197e-04
1150
3  5.437e-09
2  7.203e-09
1  5.506e-05
1151
1  2.407e-05
1152
1  4.650e-07
1153
1154
1155
3  5.434e-09
1  1.707e-04
1156
4  6.285e-09
3  2.769e-06
1  1.170e-04
1157
3  5.423e-09
2  7.184e-09
1  1.177e-04
1158
2  7.222e-09
1  9.633e-05
1159
2  7.203e-09
1  8.754e-05
1160
2  7.184e-09
1  7.369e-05
1161
3  5.395e-09
1  1.163e-04
1162
3  5.423e-09
1  1.403e-04
1163
3  5.404e-09
2  7.203e-09
1  1.272e-04
1164
2  7.184e-09
3  5.423e-09
1  9.874e-05
1165
1  6.959e-05
1166
4  6.265e-09
3  2.728e-06
1  1.082e-04
1167
2  7.203e-09
3  3.011e-06
4  6.255e-09
1  1.452e-04
1168
2  7.222e-09
4  6.289e-09
3  1.929e-06
1  1.426e-04
1169
2  7.184e-09
4  6.260e-09
3  2.519e-06
1  1.280e-04
1170
4  6.285e-09
3  2.716e-06
1  8.088e-05
1171
3  5.423e-09
1  7.829e-05
1172
3  2.272e-06
4  6.255e-09
1  7.238e-05
1173
3  3.272e-06
4  6.281e-09
2  7.203e-09
1  9.357e-05
1174
2  7.184e-09
4  6.285e-09
3  1.963e-06
1  8.171e-05
1175
3  5.423e-09
1  7.257e-05
1176
1  4.968e-05
1177
1  2.667e-05
1178
4  6.260e-09
3  2.696e-06
1  6.123e-05
1179
4  6.293e-09
3  3.276e-06
1  8.454e-05
1180
4  6.285e-09
3  3.258e-06
1  2.329e-04
1181
3  5.408e-09
1  6.146e-05
1182
1  1.183e-05
1183
1  4.649e-07
1184
1185
1  1.533e-04
1186
3  5.423e-09
1  5.478e-05
1187
1  4.769e-06
1188
1  1.225e-06
1189
1  6.270e-06
1190
1  2.965e-06
1191
1  3.466e-06
1192
1  1.225e-06
1193
1  2.987e-05
1194
1  4.727e-05
1195
1  6.833e-05
1196
2  7.203e-09
1  3.718e-05
1197
1  2.496e-05
1198
1  1.961e-05
1199
1  4.768e-05
1200
2  7.184e-09
3  5.381e-09
1  7.588e-05
1201
1  5.892e-05
1202
1  3.096e-05
1203
1  1.761e-05
1204
3  5.423e-09
1  5.539e-05
1205
4  6.251e-09
3  1.760e-06
1  7.454e-05
1206
3  5.425e-09
2  7.203e-09
1  4.115e-05
1207
1  2.286e-05
1208
1  1.201e-06
1209
1  1.368e-05
1210
4  6.285e-09
3  1.815e-06
1  1.881e-04
1211
3  5.408e-09
2  7.184e-09
1  5.373e-05
1212
1  1.179e-05
1213
1  4.650e-07
1214
1215
3  5.404e-09
2  7.203e-09
1  1.619e-04
1216
3  5.423e-09
2  7.184e-09
1  8.233e-05
1217
1  4.362e-05
1218
1  1.559e-05
1219
1  6.298e-06
1220
1  1.107e-05
1221
1  2.765e-05
1222
1  4.101e-05
1223
1  2.614e-05
1224
1  4.323e-06
1225
1  1.274e-05
1226
4  6.295e-09
3  9.906e-07
1  2.571e-05
1227
3  5.425e-09
2  7.203e-09
1  5.519e-05
1228
1  2.678e-05
1229
1  3.448e-06
1230
1  1.225e-06
1231
1  9.025e-06
1232
1  4.496e-06
1233
1  4.233e-06
1234
1  1.225e-06
1235
1  6.268e-06
1236
1  2.940e-06
1237
1  3.422e-06
1238
1  1.201e-06
1239
1  8.335e-06
1240
3  5.409e-09
1  1.737e-04
1241
1  1.388e-05
1242
1  4.986e-06
1243
1  4.649e-07
1244
1245
3  5.406e-09
1  1.631e-04
1246
4  6.285e-09
3  9.454e-07
1  7.779e-05
1247
2  7.184e-09
4  6.255e-09
3  2.228e-06
1  7.858e-05
1248
4  6.270e-09
3  2.286e-06
1  8.687e-05
1249
4  6.285e-09
3  9.873e-07
1  7.840e-05
1250
3  5.423e-09
2  7.203e-09
1  2.884e-05
1251
1  3.137e-05
1252
1  2.603e-05
1253
2  7.184e-09
3  2.013e-06
4  6.255e-09
1  6.296e-05
1254
3  2.217e-06
4  6.286e-09
1  6.089e-05
1255
3  5.427e-09
2  7.203e-09
1  3.710e-05
1256
1  2.465e-05
1257
1  6.328e-06
1258
1  2.940e-06
1259
1  3.423e-06
1260
1  1.201e-06
1261
1  9.114e-06
1262
1  4.472e-06
1263
1  4.190e-06
1264
1  1.201e-06
1265
1  1.732e-05
1266
4  6.285e-09
3  2.131e-06
1  4.675e-05
1267
3  5.423e-09
2  7.184e-09
1  8.203e-05
1268
2  7.203e-09
1  4.674e-05
1269
1  5.500e-05
1270
3  5.408e-09
2  7.184e-09
1  2.149e-04
1271
1  5.258e-05
1272
1  2.189e-05
1273
1  4.647e-07
1274
1275
1276
3  5.404e-09
1  1.569e-04
1277
3  5.423e-09
1  6.607e-05
1278
1  4.795e-06
1279
1  1.201e-06
1280
1  2.945e-05
1281
1  3.811e-05
1282
1  3.546e-05
1283
1  7.910e-06
1284
1  8.366e-06
1285
1  2.152e-05
1286
1  2.598e-05
1287
1  2.753e-05
1288
1  1.312e-05
1289
1  2.965e-06
1290
1  1.942e-05
1291
1  2.250e-05
1292
1  3.552e-05
1293
1  1.117e-05
1294
1  4.227e-06
1295
1  1.225e-06
1296
1  6.371e-06
1297
1  2.941e-06
1298
1  3.466e-06
1299
1  7.940e-06
1300
1  2.565e-05
1301
3  5.408e-09
1  2.092e-04
1302
1  4.975e-05
1303
1  1.924e-05
1304
1  4.650e-07
1305
1306
1307
1  1.641e-04
1308
3  5.423e-09
1  7.352e-05
1309
4  6.250e-09
3  1.802e-06
1  5.419e-05
1310
4  6.270e-09
3  1.707e-06
1  4.784e-05
1311
3  5.465e-09
2  7.203e-09
1  4.185e-05
1312
2  7.222e-09
1  5.680e-05
1313
2  7.203e-09
4  6.285e-09
3  3.371e-06
1  5.889e-05
1314
3  5.423e-09
1  1.062e-04
1315
1  8.896e-05
1316
1  2.771e-05
1317
1  5.149e-05
1318
1  5.188e-05
1319
3  5.400e-09
1  1.117e-04
1320
3  5.423e-09
1  9.085e-05
1321
1  8.141e-05
1322
2  7.184e-09
1  8.478e-05
1323
3  3.253e-06
4  6.241e-09
1  8.536e-05
1324
3  1.474e-06
4  6.251e-09
1  8.065e-05
1325
4  6.265e-09
3  2.546e-06
1  7.491e-05
1326
2  7.203e-09
4  6.285e-09
3  3.203e-06
1  8.622e-05
1327
2  7.184e-09
3  5.400e-09
1  9.070e-05
1328
1  4.939e-05
1329
1  2.855e-05
1330
1  1.628e-05
1331
3  5.423e-09
1  5.786e-05
1332
4  6.260e-09
3  2.696e-06
1  2.293e-04
1333
3  5.387e-09
1  5.524e-05
1334
1  2.407e-05
1335
1  4.647e-07
1336
1337
1  1.443e-04
1338
4  6.265e-09
3  2.558e-06
1  6.211e-05
1339
3  5.416e-09
1  4.732e-06
1340
1  2.963e-05
1341
4  6.285e-09
3  2.658e-06
1  6.389e-05
1342
4  6.291e-09
3  2.688e-06
1  8.698e-05
1343
3  5.412e-09
2  7.203e-09
1  4.411e-05
1344
1  2.084e-05
1345
1  2.475e-05
1346
4  6.285e-09
3  2.618e-06
1  5.506e-05
1347
2  7.184e-09
4  6.284e-09
3  2.484e-06
1  6.985e-05
1348
3  5.416e-09
2  7.203e-09
1  4.585e-05
1349
1  3.110e-05
1350
1  2.965e-06
1351
1  3.466e-06
1352
1  1.225e-06
1353
1  9.123e-06
1354
1  4.496e-06
1355
1  4.172e-06
1356
1  1.201e-06
1357
1  6.183e-06
1358
1  2.940e-06
1359
1  3.405e-06
1360
1  1.225e-06
1361
1  8.286e-06
1362
3  5.400e-09
1  1.732e-04
1363
1  1.370e-05
1364
1  4.953e-06
1365
1  4.649e-07
1366
1367
1  1.606e-04
1368
4  6.256e-09
3  2.759e-06
1  6.017e-05
1369
3  5.439e-09
1  4.714e-06
1370
1  1.201e-06
1371
1  6.351e-06
1372
1  1.625e-05
1373
4  6.285e-09
3  2.264e-06
1  4.447e-05
1374
3  5.423e-09
1  8.347e-05
1375
1  5.323e-05
1376
1  5.159e-05
1377
2  7.184e-09
1  6.587e-05
1378
3  5.409e-09
1  8.006e-05
1379
3  5.423e-09
1  8.552e-05
1380
1  8.109e-05
1381
2  7.203e-09
1  7.018e-05
1382
3  5.400e-09
2  7.222e-09
1  9.989e-05
1383
2  7.184e-09
4  6.281e-09
3  1.705e-06
1  1.019e-04
1384
4  6.250e-09
3  2.174e-06
1  7.875e-05
1385
2  7.203e-09
4  6.285e-09
3  1.516e-06
1  6.704e-05
1386
3  5.423e-09
2  7.184e-09
1  6.261e-05
1387
2  7.203e-09
4  6.289e-09
3  2.688e-06
1  7.544e-05
1388
2  7.184e-09
3  2.618e-06
4  6.285e-09
1  6.588e-05
1389
3  5.423e-09
2  7.203e-09
1  4.798e-05
1390
1  4.838e-05
1391
2  7.184e-09
3  1.030e-06
4  6.269e-09
1  6.628e-05
1392
2  7.203e-09
3  1.477e-06
4  6.276e-09
1  2.135e-04
1393
3  5.423e-09
1  4.791e-05
1394
1  2.008e-05
1395
1  4.651e-07
1396
1397
1398
1  1.693e-04
1399
4  6.285e-09
3  1.439e-06
1  8.116e-05
1400
3  5.423e-09
2  7.184e-09
1  4.974e-05
1401
1  1.881e-05
1402
1  6.307e-06
1403
2  7.203e-09
1  2.920e-05
1404
2  7.184e-09
4  6.282e-09
3  2.731e-06
1  5.338e-05
1405
3  5.429e-09
2  7.203e-09
1  5.259e-05
1406
1  3.365e-05
1407
1  4.299e-06
1408
1  1.077e-05
1409
4  6.285e-09
3  2.601e-06
1  3.618e-05
1410
3  5.423e-09
2  7.184e-09
1  5.823e-05
1411
1  4.129e-05
1412
1  4.519e-05
1413
1  9.216e-05
1414
2  7.203e-09
4  6.262e-09
3  2.566e-06
1  1.074e-04
1415
3  5.487e-09
1  4.509e-05
1416
1  3.371e-05
1417
4  6.285e-09
3  2.395e-06
1  3.408e-05
1418
3  5.419e-09
2  7.184e-09
1  7.508e-05
1419
2  7.203e-09
3  5.423e-09
1  8.098e-05
1420
2  7.184e-09
1  3.659e-05
1421
1  3.168e-05
1422
1  3.501e-05
1423
3  2.317e-06
4  6.232e-09
1  2.206e-04
1424
3  5.423e-09
1  5.148e-05
1425
1  2.084e-05
1426
1  4.648e-07
1427
1428
3  5.419e-09
1  1.654e-04
1429
4  6.285e-09
3  2.308e-06
1  7.981e-05
1430
3  5.423e-09
1  6.462e-05
1431
2  7.203e-09
1  6.485e-05
1432
3  5.404e-09
2  7.184e-09
1  6.804e-05
1433
3  5.423e-09
1  6.848e-05
1434
1  6.005e-05
1435
3  5.428e-09
1  6.412e-05
1436
2  7.203e-09
3  5.423e-09
1  6.962e-05
1437
2  7.184e-09
4  6.250e-09
3  1.758e-06
1  6.098e-05
1438
3  5.425e-09
1  7.154e-05
1439
2  7.203e-09
3  1.813e-06
4  6.285e-09
1  7.566e-05
1440
2  7.184e-09
4  6.293e-09
3  9.887e-07
1  7.274e-05
1441
2  7.203e-09
4  6.274e-09
3  7.773e-07
1  6.926e-05
1442
3  5.450e-09
2  7.184e-09
1  5.032e-05
1443
1  2.940e-05
1444
4  6.285e-09
3  1.734e-06
1  4.220e-05
1445
3  5.423e-09
1  7.530e-05
1446
2  7.203e-09
1  6.513e-05
1447
1  6.709e-05
1448
1  7.455e-05
1449
4  6.265e-09
3  2.990e-06
1  8.366e-05
1450
3  5.452e-09
2  7.184e-09
1  7.337e-05
1451
2  7.203e-09
1  5.440e-05
1452
4  6.285e-09
3  2.919e-06
1  7.411e-05
1453
3  5.388e-09
2  7.184e-09
1  2.247e-04
1454
2  7.203e-09
1  5.349e-05
1455
1  2.243e-05
1456
1  4.649e-07
1457
1458
1  1.565e-04
1459
3  5.419e-09
1  6.155e-05
1460
1  4.758e-06
1461
1  1.225e-06
1462
1  1.719e-05
1463
3  5.423e-09
1  3.755e-05
1464
2  7.184e-09
1  3.615e-05
1465
1  7.910e-06
1466
1  8.153e-06
1467
1  8.941e-06
1468
1  1.329e-05
1469
1  2.864e-05
1470
1  1.302e-05
1471
1  2.941e-06
1472
1  3.405e-06
1473
1  1.201e-06
1474
1  9.172e-06
1475
1  4.434e-06
1476
1  4.227e-06
1477
1  1.201e-06
1478
1  1.824e-05
1479
2  7.203e-09
1  4.738e-05
1480
2  7.184e-09
1  9.732e-05
1481
2  7.203e-09
1  3.652e-05
1482
1  2.800e-05
1483
3  5.408e-09
2  7.222e-09
1  1.736e-04
1484
1  1.706e-05
1485
1  5.054e-06
1486
1  4.652e-07
1487
1488
1489
3  5.404e-09
2  7.203e-09
1  1.678e-04
1490
4  6.250e-09
3  4.308e-06
1  8.476e-05
1491
3  5.491e-09
2  7.184e-09
1  4.998e-05
1492
1  1.964e-05
1493
1  2.066e-05
1494
4  6.285e-09
3  4.053e-06
1  3.330e-05
1495
3  5.423e-09
1  3.834e-05
1496
1  7.934e-06
1497
1  8.323e-06
1498
1  1.852e-05
1499
1  2.251e-05
1500
1  2.866e-05
1501
1  1.304e-05
1502
1  2.965e-06
1503
1  1.632e-05
1504
1  1.959e-05
1505
1  3.660e-05
1506
1  1.115e-05
1507
1  4.210e-06
1508
1  1.706e-05
1509
1  2.844e-05
1510
1  3.040e-05
1511
1  1.011e-05
1512
1  1.201e-06
1513
1  1.702e-05
1514
3  5.408e-09
1  1.783e-04
1515
1  4.720e-05
1516
1  1.186e-05
1517
1  4.651e-07
1518
1519
1520
3  5.404e-09
1  1.613e-04
1521
4  6.265e-09
3  2.775e-06
1  7.857e-05
1522
3  5.440e-09
2  7.203e-09
1  6.028e-05
1523
1  3.897e-05
1524
3  2.622e-06
4  6.285e-09
1  4.260e-05
1525
2  7.184e-09
3  5.404e-09
1  7.057e-05
1526
2  7.203e-09
1  4.079e-05
1527
1  2.054e-05
1528
1  2.110e-05
1529
3  5.423e-09
1  3.743e-05
1530
2  7.184e-09
3  1.235e-06
4  6.276e-09
1  5.286e-05
1531
3  5.425e-09
1  3.469e-05
1532
1  2.146e-05
1533
1  2.965e-06
1534
1  3.449e-06
1535
1  1.201e-06
1536
1  9.204e-06
1537
1  4.459e-06
1538
1  4.253e-06
1539
1  1.225e-06
1540
1  6.371e-06
1541
1  2.965e-06
1542
1  3.449e-06
1543
1  1.225e-06
1544
1  8.323e-06
1545
3  5.409e-09
1  1.719e-04
1546
1  1.843e-05
1547
1  4.949e-06
1548
1  4.650e-07
1549
1550
3  5.406e-09
1  1.546e-04
1551
4  6.265e-09
3  1.761e-06
1  6.013e-05
1552
3  5.452e-09
1  2.257e-05
1553
4  6.285e-09
3  2.919e-06
1  4.685e-05
1554
2  7.203e-09
3  5.423e-09
1  8.502e-05
1555
1  8.371e-05
1556
2  7.222e-09
1  7.342e-05
1557
2  7.184e-09
1  7.953e-05
1558
2  7.203e-09
1  8.303e-05
1559
3  5.404e-09
2  7.184e-09
1  8.167e-05
1560
2  7.203e-09
3  5.423e-09
1  8.732e-05
1561
3  5.385e-09
1  8.708e-05
1562
2  7.184e-09
3  5.423e-09
1  8.848e-05
1563
2  7.203e-09
1  6.767e-05
1564
3  2.228e-06
4  6.256e-09
2  7.184e-09
1  7.507e-05
1565
2  7.203e-09
3  1.580e-06
4  6.251e-09
1  6.803e-05
1566
2  7.184e-09
4  6.253e-09
3  2.218e-06
1  7.139e-05
1567
4  6.276e-09
3  2.173e-06
1  6.349e-05
1568
3  5.450e-09
2  7.203e-09
1  3.960e-05
1569
1  2.036e-05
1570
4  6.285e-09
3  1.734e-06
1  2.024e-05
1571
3  5.423e-09
2  7.184e-09
1  3.467e-05
1572
1  1.016e-05
1573
1  1.225e-06
1574
1  8.329e-06
1575
3  5.408e-09
1  1.730e-04
1576
1  1.946e-05
1577
1  4.992e-06
1578
1  4.650e-07
1579
1580
1581
1  1.565e-04
1582
3  5.423e-09
1  5.493e-05
1583
1  4.752e-06
1584
1  1.201e-06
1585
1  6.341e-06
1586
1  2.941e-06
1587
1  3.405e-06
1588
1  1.225e-06
1589
1  8.286e-06
1590
1  4.286e-06
1591
1  4.253e-06
1592
1  1.225e-06
1593
1  6.307e-06
1594
1  2.941e-06
1595
1  3.466e-06
1596
1  1.225e-06
1597
1  9.207e-06
1598
1  4.434e-06
1599
1  4.227e-06
1600
1  9.358e-06
1601
1  1.851e-05
1602
1  2.924e-05
1603
1  1.018e-05
1604
1  1.225e-06
1605
1  1.605e-05
1606
3  5.408e-09
1  1.778e-04
1607
1  4.711e-05
1608
1  1.186e-05
1609
1  4.650e-07
1610
1611
1612
3  5.404e-09
1  1.571e-04
1613
3  5.423e-09
1  5.496e-05
1614
1  4.813e-06
1615
1  1.225e-06
1616
1  1.416e-05
1617
1  1.491e-05
1618
1  3.086e-05
1619
1  7.936e-06
1620
1  8.286e-06
1621
1  1.020e-05
1622
2  7.203e-09
1  2.224e-05
1623
2  7.184e-09
1  5.534e-05
1624
2  7.203e-09
1  4.805e-05
1625
1  2.484e-05
1626
1  1.097e-05
1627
1  2.970e-05
1628
2  7.184e-09
1  6.352e-05
1629
2  7.203e-09
1  3.974e-05
1630
1  2.203e-05
1631
1  1.201e-06
1632
1  1.543e-05
1633
4  6.274e-09
3  1.501e-06
1  3.065e-05
1634
3  5.414e-09
1  4.393e-05
1635
1  1.663e-05
1636
1  8.323e-06
1637
3  5.398e-09
1  1.733e-04
1638
1  1.741e-05
1639
1  4.987e-06
1640
1  4.651e-07
1641
1642
1643
3  5.395e-09
1  1.677e-04
1644
4  6.285e-09
3  1.474e-06
1  7.931e-05
1645
3  5.423e-09
1  4.983e-05
1646
1  1.767e-05
1647
1  6.414e-06
1648
1  1.235e-05
1649
4  6.275e-09
3  3.972e-06
1  3.986e-05
1650
3  5.453e-09
2  7.184e-09
1  6.968e-05
1651
4  6.285e-09
3  3.858e-06
1  8.356e-05
1652
3  5.423e-09
1  7.465e-05
1653
1  6.914e-05
1654
1  3.587e-05
1655
1  4.562e-05
1656
1  4.512e-05
1657
3  5.404e-09
1  7.027e-05
1658
3  5.423e-09
1  6.270e-05
1659
2  7.203e-09
1  4.675e-05
1660
1  4.801e-05
1661
1  6.186e-05
1662
4  6.281e-09
3  1.964e-06
1  9.790e-05
1663
4  6.286e-09
3  1.478e-06
1  9.827e-05
1664
3  5.463e-09
2  7.184e-09
1  4.426e-05
1665
1  3.783e-05
1666
4  6.285e-09
3  2.389e-06
1  4.091e-05
1667
3  5.404e-09
1  7.603e-05
1668
3  5.408e-09
2  7.203e-09
1  2.329e-04
1669
1  5.651e-05
1670
1  1.955e-05
1671
1  4.652e-07
1672
1673
1674
1  1.540e-04
1675
3  5.423e-09
1  5.995e-05
1676
1  4.775e-06
1677
1  1.225e-06
1678
1  6.371e-06
1679
1  2.965e-06
1680
1  3.466e-06
1681
1  1.225e-06
1682
1  8.323e-06
1683
1  4.282e-06
1684
1  4.189e-06
1685
1  1.201e-06
1686
1  6.328e-06
1687
1  2.941e-06
1688
1  3.405e-06
1689
1  1.201e-06
1690
1  9.150e-06
1691
1  4.455e-06
1692
1  4.233e-06
1693
1  2.052e-05
1694
1  4.341e-05
1695
2  7.184e-09
1  3.573e-05
1696
1  1.016e-05
1697
1  1.225e-06
1698
1  2.250e-05
1699
3  5.408e-09
1  1.774e-04
1700
1  4.675e-05
1701
1  1.181e-05
1702
1  4.650e-07
1703
1704
1705
3  5.404e-09
2  7.203e-09
1  1.577e-04
1706
3  5.423e-09
2  7.184e-09
1  7.780e-05
1707
2  7.203e-09
1  5.671e-05
1708
1  2.580e-05
1709
1  6.227e-06
1710
1  8.141e-06
1711
1  4.718e-05
1712
1  9.261e-05
1713
2  7.184e-09
1  1.081e-04
1714
1  1.068e-04
1715
2  7.203e-09
1  1.012e-04
1716
2  7.184e-09
4  6.270e-09
3  1.247e-06
1  1.154e-04
1717
2  7.222e-09
4  6.285e-09
3  1.284e-06
1  1.327e-04
1718
2  7.203e-09
3  5.419e-09
1  1.309e-04
1719
2  7.184e-09
3  5.423e-09
1  1.137e-04
1720
3  5.409e-09
2  7.203e-09
1  1.083e-04
1721
3  5.423e-09
1  1.413e-04
1722
3  5.404e-09
1  1.373e-04
1723
2  7.184e-09
4  6.260e-09
3  2.787e-06
1  1.219e-04
1724
3  1.418e-06
2  7.203e-09
4  6.279e-09
1  7.389e-05
1725
3  2.310e-06
1  8.352e-05
1726
4  6.285e-09
3  1.963e-06
1  1.140e-04
1727
3  1.761e-06
4  6.276e-09
1  1.132e-04
1728
3  2.243e-06
4  6.243e-09
1  7.566e-05
1729
3  5.452e-09
1  4.469e-05
1730
3  5.436e-09
1  1.940e-04
1731
1  1.738e-05
1732
1  4.940e-06
1733
1  4.649e-07
1734
1735
1736
1  1.616e-04
1737
4  6.269e-09
3  2.899e-06
1  7.061e-05
1738
4  6.257e-09
3  1.981e-06
1  7.835e-05
1739
4  6.285e-09
3  1.981e-06
1  7.918e-05
1740
3  5.423e-09
2  7.184e-09
1  8.566e-05
1741
1  8.400e-05
1742
1  3.365e-05
1743
1  3.288e-05
1744
1  4.169e-05
1745
3  5.438e-09
1  6.994e-05
1746
3  5.423e-09
1  6.890e-05
1747
2  7.203e-09
1  3.940e-05
1748
1  3.229e-05
1749
1  2.556e-05
1750
2  7.184e-09
4  6.286e-09
3  2.479e-06
1  6.263e-05
1751
4  6.250e-09
3  2.625e-06
1  6.280e-05
1752
3  5.450e-09
1  5.053e-05
1753
1  2.513e-05
1754
1  4.216e-06
1755
1  1.225e-06
1756
1  2.376e-05
1757
2  7.203e-09
4  6.285e-09
3  1.776e-06
1  5.878e-05
1758
2  7.184e-09
3  5.423e-09
1  9.116e-05
1759
1  3.665e-05
1760
1  2.787e-05
1761
2  7.203e-09
3  5.408e-09
1  1.725e-04
1762
1  1.697e-05
1763
1  5.017e-06
1764
1  4.653e-07
1765
1766
1767
3  5.404e-09
2  7.184e-09
1  1.672e-04
1768
3  5.423e-09
1  9.286e-05
1769
2  7.203e-09
1  9.757e-05
1770
2  7.184e-09
1  7.317e-05
1771
3  1.805e-06
4  6.251e-09
1  7.034e-05
1772
4  6.255e-09
3  2.482e-06
1  7.189e-05
1773
2  7.203e-09
4  6.285e-09
3  2.265e-06
1  7.986e-05
1774
3  5.423e-09
2  7.184e-09
1  6.347e-05
1775
1  3.916e-05
1776
1  2.081e-05
1777
1  1.209e-05
1778
4  6.250e-09
3  1.758e-06
1  3.025e-05
1779
2  7.203e-09
4  6.281e-09
3  2.469e-06
1  8.126e-05
1780
3  5.414e-09
1  3.770e-05
1781
1  2.195e-05
1782
1  1.201e-06
1783
1  9.195e-06
1784
1  4.496e-06
1785
1  4.190e-06
1786
1  1.225e-06
1787
1  1.661e-05
1788
4  6.285e-09
3  1.679e-06
1  3.506e-05
1789
3  5.423e-09
1  8.572e-05
1790
2  7.184e-09
1  4.314e-05
1791
1  3.336e-05
1792
3  5.408e-09
1  1.810e-04
1793
1  5.047e-05
1794
1  1.176e-05
1795
1  4.650e-07
1796
1797
1798
3  5.404e-09
1  1.578e-04
1799
3  5.423e-09
1  5.446e-05
1800
1  4.752e-06
1801
1  1.201e-06
1802
1  6.371e-06
1803
1  2.965e-06
1804
1  3.449e-06
1805
1  1.225e-06
1806
1  8.366e-06
1807
1  4.262e-06
1808
1  4.210e-06
1809
1  1.201e-06
1810
1  6.270e-06
1811
1  2.965e-06
1812
1  3.466e-06
1813
1  1.225e-06
1814
1  9.201e-06
1815
1  4.434e-06
1816
1  2.015e-05
1817
1  3.187e-05
1818
1  6.769e-05
1819
2  7.203e-09
1  4.778e-05
1820
1  2.819e-05
1821
1  1.604e-05
1822
1  5.199e-05
1823
3  5.404e-09
2  7.184e-09
1  2.232e-04
1824
1  5.309e-05
1825
1  2.502e-05
1826
1  4.650e-07
1827
1828
3  5.400e-09
1  1.551e-04
1829
3  5.419e-09
1  5.798e-05
1830
1  4.732e-06
1831
1  1.201e-06
1832
1  6.350e-06
1833
1  2.965e-06
1834
1  3.466e-06
1835
1  1.225e-06
1836
1  8.196e-06
1837
1  4.323e-06
1838
1  4.233e-06
1839
1  1.225e-06
1840
1  6.327e-06
1841
1  2.940e-06
1842
1  3.405e-06
1843
1  1.868e-05
1844
3  5.423e-09
1  6.226e-05
1845
1  8.460e-05
1846
2  7.203e-09
1  8.552e-05
1847
2  7.184e-09
1  3.632e-05
1848
1  4.084e-05
1849
1  4.091e-05
1850
3  5.404e-09
1  6.954e-05
1851
3  5.423e-09
2  7.203e-09
1  6.309e-05
1852
1  4.119e-05
1853
3  5.408e-09
1  1.918e-04
1854
1  1.800e-05
1855
1  5.032e-06
1856
1  4.654e-07
1857
1858
1859
3  5.404e-09
1  1.697e-04
1860
3  5.428e-09
1  9.638e-05
1861
2  7.184e-09
4  6.251e-09
3  1.758e-06
1  9.705e-05
1862
4  6.286e-09
3  1.768e-06
1  6.562e-05
1863
3  5.463e-09
1  3.541e-05
1864
1  2.511e-05
1865
4  6.281e-09
3  2.761e-06
1  3.385e-05
1866
4  6.243e-09
3  1.290e-06
1  6.477e-05
1867
3  5.452e-09
1  3.613e-05
1868
1  2.062e-05
1869
1  4.210e-06
1870
1  1.201e-06
1871
1  6.350e-06
1872
1  2.965e-06
1873
1  3.448e-06
1874
1  1.201e-06
1875
1  8.981e-06
1876
1  4.434e-06
1877
1  4.210e-06
1878
1  1.200e-06
1879
1  6.268e-06
1880
1  2.965e-06
1881
1  3.466e-06
1882
1  1.225e-06
1883
1  8.285e-06
1884
3  5.436e-09
1  1.742e-04
1885
1  1.704e-05
1886
1  4.992e-06
1887
1  4.648e-07
1888
1889
3  5.432e-09
1  1.534e-04
1890
4  6.284e-09
3  2.501e-06
1  6.003e-05
1891
3  5.463e-09
1  4.769e-06
1892
1  1.201e-05
1893
4  6.285e-09
3  2.389e-06
1  3.919e-05
1894
4  6.294e-09
3  3.156e-06
1  7.328e-05
1895
3  5.405e-09
1  4.433e-05
1896
1  2.281e-05
1897
1  8.329e-06
1898
1  1.089e-05
1899
4  6.285e-09
3  3.104e-06
1  2.809e-05
1900
3  5.423e-09
1  3.398e-05
1901
1  1.305e-05
1902
1  2.941e-06
1903
1  1.084e-05
1904
1  1.218e-05
1905
1  3.531e-05
1906
1  1.117e-05
1907
1  4.253e-06
1908
1  1.225e-06
1909
2  7.203e-09
1  1.697e-05
1910
2  7.184e-09
1  2.459e-05
1911
2  7.203e-09
1  4.586e-05
1912
1  1.787e-05
1913
1  8.242e-06
1914
2  7.222e-09
3  5.408e-09
1  1.658e-04
1915
1  1.909e-05
1916
1  4.916e-06
1917
1  4.653e-07
1918
1919
2  7.203e-09
1  1.490e-04
1920
3  5.423e-09
1  6.031e-05
1921
1  1.731e-05
1922
1  3.114e-05
1923
2  7.184e-09
3  5.390e-09
1  6.657e-05
1924
3  5.423e-09
1  6.928e-05
1925
1  3.822e-05
1926
1  3.253e-05
1927
1  4.087e-05
1928
4  6.236e-09
3  2.785e-06
1  6.810e-05
1929
3  2.280e-06
4  6.272e-09
1  7.412e-05
1930
3  5.463e-09
2  7.203e-09
1  3.054e-05
1931
1  2.752e-05
1932
1  2.965e-06
1933
1  3.449e-06
1934
1  1.225e-06
1935
1  9.204e-06
1936
1  4.472e-06
1937
1  1.723e-05
1938
4  6.285e-09
3  1.923e-06
1  3.816e-05
1939
3  5.423e-09
2  7.184e-09
1  6.724e-05
1940
2  7.203e-09
1  3.705e-05
1941
1  2.079e-05
1942
1  1.319e-05
1943
1  4.132e-05
1944
3  5.399e-09
2  7.184e-09
1  2.173e-04
1945
1  5.450e-05
1946
1  2.397e-05
1947
1  4.651e-07
1948
1949
1  1.570e-04
1950
3  5.400e-09
1  6.004e-05
1951
1  4.813e-06
1952
1  1.225e-06
1953
1  6.414e-06
1954
1  2.965e-06
1955
1  3.466e-06
1956
1  1.225e-06
1957
1  8.409e-06
1958
1  4.262e-06
1959
1  4.227e-06
1960
1  1.201e-06
1961
1  6.350e-06
1962
1  2.940e-06
1963
1  3.448e-06
1964
1  1.225e-06
1965
1  9.195e-06
1966
1  4.458e-06
1967
1  4.253e-06
1968
1  1.200e-06
1969
1  6.371e-06
1970
1  2.965e-06
1971
1  3.422e-06
1972
1  1.200e-06
1973
1  8.320e-06
1974
3  5.385e-09
1  1.721e-04
1975
1  1.844e-05
1976
1  4.992e-06
1977
1  4.650e-07
1978
1979
3  5.381e-09
1  1.634e-04
1980
3  5.385e-09
1  7.220e-05
1981
1  4.732e-06
1982
1  1.201e-06
1983
1  6.414e-06
1984
1  2.965e-06
1985
1  3.466e-06
1986
1  1.225e-06
1987
1  8.239e-06
1988
1  4.323e-06
1989
1  4.233e-06
1990
1  1.225e-06
1991
1  6.307e-06
1992
1  2.940e-06
1993
1  3.405e-06
1994
1  1.201e-06
1995
1  9.192e-06
1996
1  4.496e-06
1997
1  2.123e-05
1998
3  5.423e-09
1  4.242e-05
1999
1  8.197e-05
2000
2  7.203e-09
1  8.831e-05
2001
1  4.815e-05
2002
1  6.636e-05
2003
2  7.184e-09
1  1.036e-04
2004
2  7.203e-09
3  5.413e-09
1  2.166e-04
2005
2  7.184e-09
1  5.463e-05
2006
1  2.743e-05
2007
1  4.653e-07
2008
2009
2010
3  5.409e-09
1  1.574e-04
2011
3  5.404e-09
1  6.887e-05
2012
1  2.583e-05
2013
3  5.423e-09
1  6.877e-05
2014
4  6.284e-09
3  2.726e-06
1  1.123e-04
2015
2  7.203e-09
3  2.713e-06
4  6.244e-09
1  1.063e-04
2016
4  6.285e-09
3  3.886e-06
1  7.832e-05
2017
3  5.423e-09
1  4.846e-05
2018
1  5.493e-05
2019
2  7.184e-09
3  5.428e-09
1  6.263e-05
2020
2  7.203e-09
4  6.288e-09
3  7.674e-07
1  6.230e-05
2021
4  6.285e-09
3  6.454e-07
1  6.353e-05
2022
3  5.423e-09
2  7.184e-09
1  4.901e-05
2023
1  4.092e-05
2024
4  6.281e-09
3  2.009e-06
1  4.961e-05
2025
3  1.308e-06
1  5.218e-05
2026
2  7.203e-09
4  6.257e-09
3  1.229e-06
1  5.322e-05
2027
3  5.450e-09
2  7.184e-09
1  3.566e-05
2028
1  3.758e-05
2029
3  1.981e-06
4  6.285e-09
1  4.524e-05
2030
3  5.423e-09
1  7.511e-05
2031
2  7.203e-09
1  4.462e-05
2032
1  2.657e-05
2033
1  1.699e-05
2034
1  5.252e-05
2035
2  7.184e-09
3  5.369e-09
1  2.270e-04
2036
1  5.761e-05
2037
1  2.536e-05
2038
1  4.650e-07
2039
2040
3  5.366e-09
1  1.686e-04
2041
3  5.423e-09
1  1.070e-04
2042
3  5.414e-09
1  8.838e-05
2043
2  7.203e-09
3  5.423e-09
1  7.878e-05
2044
1  4.218e-05
2045
1  4.239e-05
2046
1  3.576e-05
2047
4  6.286e-09
3  2.220e-06
1  8.724e-05
2048
2  7.184e-09
4  6.270e-09
3  2.236e-06
1  5.570e-05
2049
3  5.450e-09
1  3.466e-05
2050
1  2.890e-05
2051
4  6.277e-09
3  2.501e-06
1  2.469e-05
2052
3  5.476e-09
2  7.203e-09
1  5.152e-05
2053
1  2.267e-05
2054
1  3.405e-06
2055
1  1.201e-06
2056
1  9.160e-06
2057
1  4.472e-06
2058
1  4.172e-06
2059
1  1.201e-06
2060
1  6.328e-06
2061
1  2.965e-06
2062
1  3.405e-06
2063
1  1.201e-06
2064
1  8.196e-06
2065
3  5.460e-09
1  1.732e-04
2066
1  1.687e-05
2067
1  5.054e-06
2068
1  4.651e-07
2069
2070
2071
3  5.457e-09
1  1.782e-04
2072
4  6.285e-09
3  2.374e-06
1  1.215e-04
2073
2  7.184e-09
4  6.255e-09
3  2.611e-06
1  1.410e-04
2074
3  2.547e-06
4  6.236e-09
1  1.078e-04
2075
3  5.427e-09
2  7.203e-09
1  4.296e-05
2076
1  3.645e-05
2077
4  6.262e-09
3  2.706e-06
1  4.728e-05
2078
3  1.112e-06
4  6.246e-09
1  9.821e-05
2079
2  7.184e-09
4  6.285e-09
3  1.326e-06
1  9.495e-05
2080
3  5.423e-09
1  3.429e-05
2081
1  6.047e-05
2082
1  7.125e-05
2083
2  7.203e-09
4  6.241e-09
3  3.594e-06
1  1.181e-04
2084
4  6.256e-09
3  1.436e-06
1  1.141e-04
2085
4  6.285e-09
3  1.969e-06
1  9.161e-05
2086
3  5.423e-09
1  7.479e-05
2087
1  6.348e-05
2088
2  7.184e-09
3  5.414e-09
1  7.477e-05
2089
2  7.203e-09
3  5.423e-09
1  9.565e-05
2090
3  5.385e-09
1  8.511e-05
2091
3  5.423e-09
1  8.505e-05
2092
2  7.184e-09
1  6.801e-05
2093
4  6.257e-09
3  1.791e-06
1  7.973e-05
2094
4  6.270e-09
3  1.669e-06
1  7.146e-05
2095
2  7.203e-09
4  6.255e-09
3  2.627e-06
1  8.524e-05
2096
2  7.184e-09
3  2.547e-06
4  6.236e-09
1  2.293e-04
2097
3  5.412e-09
1  5.770e-05
2098
1  2.886e-05
2099
1  4.647e-07
2100
2101
2102
1  1.596e-04
2103
4  6.265e-09
3  3.765e-06
1  6.256e-05
2104
3  5.477e-09
1  4.775e-06
2105
1  1.201e-06
2106
1  1.207e-05
2107
4  6.285e-09
3  2.775e-06
1  2.368e-05
2108
3  5.423e-09
1  3.962e-05
2109
1  7.910e-06
2110
1  8.153e-06
2111
1  1.730e-05
2112
1  2.123e-05
2113
1  2.752e-05
2114
1  2.305e-05
2115
1  2.342e-05
2116
2  7.203e-09
1  7.004e-05
2117
1  7.820e-05
2118
2  7.184e-09
1  4.130e-05
2119
1  3.028e-05
2120
1  3.027e-05
2121
3  5.404e-09
1  6.254e-05
2122
3  5.423e-09
1  6.728e-05
2123
2  7.203e-09
1  4.087e-05
2124
1  2.499e-05
2125
1  2.420e-05
2126
2  7.184e-09
4  6.236e-09
3  2.785e-06
1  6.754e-05
2127
2  7.203e-09
4  6.270e-09
3  1.813e-06
1  2.248e-04
2128
3  5.409e-09
2  7.184e-09
1  5.182e-05
2129
1  1.726e-05
2130
1  4.649e-07
2131
2132
3  5.406e-09
2  7.203e-09
1  1.594e-04
2133
2  7.184e-09
4  6.285e-09
3  9.874e-07
1  8.035e-05
2134
3  5.423e-09
1  4.870e-05
2135
1  1.821e-05
2136
1  6.183e-06
2137
1  9.909e-06
2138
1  3.036e-05
2139
2  7.203e-09
1  4.692e-05
2140
1  2.737e-05
2141
1  4.282e-06
2142
1  2.413e-05
2143
4  6.246e-09
3  1.290e-06
1  4.209e-05
2144
3  5.437e-09
1  4.513e-05
2145
1  1.500e-05
2146
1  3.449e-06
2147
1  7.796e-06
2148
4  6.285e-09
3  1.326e-06
1  3.683e-05
2149
3  5.423e-09
1  4.781e-05
2150
1  2.189e-05
2151
1  1.225e-06
2152
1  1.632e-05
2153
4  6.246e-09
3  1.334e-06
1  3.066e-05
2154
3  5.461e-09
2  7.184e-09
1  4.141e-05
2155
1  1.323e-05
2156
1  8.366e-06
2157
3  5.445e-09
1  1.724e-04
2158
1  1.893e-05
2159
1  4.949e-06
2160
1  4.649e-07
2161
2162
3  5.442e-09
1  1.640e-04
2163
4  6.285e-09
3  1.289e-06
1  9.769e-05
2164
3  5.423e-09
2  7.222e-09
1  9.450e-05
2165
2  7.203e-09
1  8.270e-05
2166
2  7.184e-09
1  6.489e-05
2167
1  6.504e-05
2168
4  6.279e-09
3  2.231e-06
1  7.548e-05
2169
4  6.285e-09
3  2.223e-06
1  7.983e-05
2170
3  5.423e-09
1  9.149e-05
2171
1  6.618e-05
2172
3  5.409e-09
1  8.753e-05
2173
3  5.423e-09
1  8.029e-05
2174
3  2.058e-06
4  6.255e-09
1  7.340e-05
2175
2  7.203e-09
4  6.276e-09
3  1.491e-06
1  6.048e-05
2176
2  7.184e-09
4  6.285e-09
3  1.437e-06
1  5.389e-05
2177
4  6.256e-09
3  2.275e-06
1  4.689e-05
2178
3  5.439e-09
1  4.644e-05
2179
1  2.238e-05
2180
1  1.414e-05
2181
4  6.285e-09
3  2.266e-06
1  2.906e-05
2182
3  5.423e-09
1  6.431e-05
2183
2  7.203e-09
1  3.798e-05
2184
1  2.034e-05
2185
1  1.152e-05
2186
1  3.785e-05
2187
2  7.184e-09
3  5.404e-09
1  2.265e-04
2188
1  5.777e-05
2189
1  2.734e-05
2190
1  4.649e-07
2191
2192
3  5.400e-09
1  1.620e-04
2193
3  5.409e-09
1  6.324e-05
2194
1  4.758e-06
2195
1  1.200e-06
2196
1  6.327e-06
2197
1  2.940e-06
2198
1  3.405e-06
2199
1  1.200e-06
2200
1  8.335e-06
2201
1  4.299e-06
2202
1  4.190e-06
2203
1  1.225e-06
2204
1  6.312e-06
2205
1  2.965e-06
2206
1  3.448e-06
2207
1  1.200e-06
2208
1  9.149e-06
2209
1  4.471e-06
2210
1  4.189e-06
2211
1  1.200e-06
2212
1  6.341e-06
2213
1  2.940e-06
2214
1  3.422e-06
2215
1  1.200e-06
2216
1  8.329e-06
2217
3  5.394e-09
1  1.725e-04
2218
1  1.884e-05
2219
1  5.029e-06
2220
1  4.649e-07
2221
2222
2223
3  5.390e-09
1  1.624e-04
2224
3  5.395e-09
1  6.414e-05
2225
1  4.732e-06
2226
1  1.533e-05
2227
3  5.423e-09
1  4.374e-05
2228
3  5.385e-09
1  7.133e-05
2229
1  4.524e-05
2230
1  2.191e-05
2231
1  2.076e-05
2232
3  5.423e-09
1  4.548e-05
2233
4  6.274e-09
3  2.009e-06
1  6.269e-05
2234
3  5.463e-09
1  3.737e-05
2235
1  2.390e-05
2236
1  2.965e-06
2237
1  3.466e-06
2238
1  1.225e-06
2239
1  9.216e-06
2240
1  4.496e-06
2241
1  4.233e-06
2242
1  1.225e-06
2243
1  6.312e-06
2244
1  2.965e-06
2245
1  3.422e-06
2246
1  1.201e-06
2247
1  8.320e-06
2248
3  5.447e-09
1  1.736e-04
2249
1  1.633e-05
2250
1  5.029e-06
2251
1  4.648e-07
2252
2253
1  1.591e-04
2254
4  6.289e-09
3  2.299e-06
1  5.958e-05
2255
3  5.427e-09
1  4.769e-06
2256
1  1.201e-06
2257
1  6.269e-06
2258
1  2.965e-06
2259
1  3.448e-06
2260
1  1.225e-06
2261
1  8.152e-06
2262
1  4.262e-06
2263
1  4.253e-06
2264
1  1.201e-06
2265
1  6.226e-06
2266
1  2.940e-06
2267
1  3.466e-06
2268
1  1.225e-06
2269
1  9.157e-06
2270
1  4.434e-06
2271
1  4.271e-06
2272
1  1.225e-06
2273
1  6.312e-06
2274
1  2.965e-06
2275
1  3.466e-06
2276
1  1.201e-06
2277
1  8.195e-06
2278
3  5.412e-09
1  1.739e-04
2279
1  1.848e-05
2280
1  5.029e-06
2281
1  4.646e-07
2282
2283
1  1.625e-04
2284
4  6.255e-09
3  2.708e-06
1  6.175e-05
2285
3  5.463e-09
1  4.732e-06
2286
1  1.201e-06
2287
1  6.351e-06
2288
1  2.965e-06
2289
1  3.466e-06
2290
1  1.201e-06
2291
1  8.320e-06
2292
1  4.299e-06
2293
1  4.190e-06
2294
1  1.201e-06
2295
1  6.312e-06
2296
1  2.965e-06
2297
1  3.466e-06
2298
1  1.225e-06
2299
1  9.216e-06
2300
1  4.471e-06
2301
1  4.190e-06
2302
1  1.201e-06
2303
1  6.269e-06
2304
1  2.940e-06
2305
1  3.422e-06
2306
1  1.201e-06
2307
1  8.286e-06
2308
3  5.447e-09
1  1.738e-04
2309
1  2.034e-05
2310
1  5.011e-06
2311
1  4.648e-07
2312
2313
2314
1  1.671e-04
2315
4  6.286e-09
3  2.469e-06
1  9.469e-05
2316
2  7.203e-09
4  6.285e-09
3  2.094e-06
1  7.199e-05
2317
3  5.423e-09
2  7.184e-09
1  5.725e-05
2318
1  3.724e-05
2319
1  5.201e-05
2320
4  6.281e-09
3  1.962e-06
1  6.579e-05
2321
2  7.203e-09
4  6.295e-09
3  1.283e-06
1  9.698e-05
2322
2  7.184e-09
3  1.432e-06
4  6.265e-09
1  9.664e-05
2323
3  5.448e-09
1  3.636e-05
2324
1  3.524e-05
2325
4  6.285e-09
3  7.958e-07
1  3.977e-05
2326
3  5.409e-09
1  7.260e-05
2327
2  7.203e-09
3  5.423e-09
1  6.825e-05
2328
2  7.184e-09
1  3.854e-05
2329
1  2.916e-05
2330
1  3.788e-05
2331
3  3.081e-06
4  6.260e-09
1  7.136e-05
2332
2  7.203e-09
4  6.305e-09
3  3.603e-06
1  7.066e-05
2333
3  5.438e-09
1  3.991e-05
2334
1  3.863e-05
2335
4  6.285e-09
3  1.598e-06
1  3.755e-05
2336
3  5.423e-09
2  7.184e-09
1  7.070e-05
2337
2  7.203e-09
1  3.927e-05
2338
1  2.539e-05
2339
3  5.408e-09
1  1.673e-04
2340
1  1.786e-05
2341
1  4.916e-06
2342
1  4.652e-07
2343
2344
3  5.404e-09
1  1.510e-04
2345
3  5.423e-09
1  8.036e-05
2346
3  5.409e-09
2  7.184e-09
1  5.702e-05
2347
3  5.423e-09
1  5.519e-05
2348
2  7.203e-09
1  6.276e-05
2349
4  6.265e-09
2  7.184e-09
3  5.179e-07
1  5.793e-05
2350
3  5.360e-07
4  6.285e-09
1  4.936e-05
2351
4  6.281e-09
3  2.009e-06
1  4.580e-05
2352
4  6.251e-09
3  1.173e-06
1  5.881e-05
2353
3  5.450e-09
1  3.032e-05
2354
1  2.192e-05
2355
1  1.201e-06
2356
1  6.341e-06
2357
1  2.965e-06
2358
1  3.405e-06
2359
1  1.201e-06
2360
1  9.160e-06
2361
1  4.471e-06
2362
1  4.190e-06
2363
1  1.201e-06
2364
1  6.183e-06
2365
1  2.940e-06
2366
1  3.448e-06
2367
1  1.225e-06
2368
1  8.366e-06
2369
3  5.434e-09
1  1.733e-04
2370
1  1.573e-05
2371
1  5.011e-06
2372
1  4.648e-07
2373
2374
1  1.622e-04
2375
4  6.260e-09
3  2.031e-06
1  7.543e-05
2376
2  7.203e-09
4  6.248e-09
3  1.721e-06
1  9.098e-05
2377
4  6.285e-09
3  3.414e-06
1  7.958e-05
2378
3  5.423e-09
2  7.184e-09
1  1.020e-04
2379
1  9.258e-05
2380
1  4.426e-05
2381
1  3.193e-05
2382
1  4.021e-05
2383
3  5.409e-09
1  7.211e-05
2384
3  5.423e-09
2  7.203e-09
1  7.989e-05
2385
1  4.091e-05
2386
1  4.572e-05
2387
1  4.720e-05
2388
4  6.251e-09
3  1.849e-06
1  7.647e-05
2389
3  1.308e-06
1  7.086e-05
2390
3  5.438e-09
2  7.184e-09
1  3.689e-05
2391
1  2.944e-05
2392
4  6.285e-09
3  1.481e-06
1  2.859e-05
2393
3  5.409e-09
1  5.271e-05
2394
3  5.423e-09
2  7.203e-09
1  7.521e-05
2395
1  6.703e-05
2396
2  7.184e-09
1  6.329e-05
2397
2  7.203e-09
1  6.886e-05
2398
4  6.257e-09
3  2.006e-06
1  6.990e-05
2399
3  1.264e-06
4  6.279e-09
2  7.184e-09
1  2.186e-04
2400
3  5.398e-09
2  7.203e-09
1  4.538e-05
2401
1  2.377e-05
2402
1  4.649e-07
2403
2404
2405
1  1.599e-04
2406
2  7.222e-09
4  6.285e-09
3  1.678e-06
1  9.884e-05
2407
3  5.423e-09
2  7.184e-09
1  9.168e-05
2408
1  6.912e-05
2409
1  6.879e-05
2410
2  7.203e-09
1  7.762e-05
2411
2  7.184e-09
3  5.409e-09
1  7.897e-05
2412
3  5.423e-09
2  7.203e-09
1  7.118e-05
2413
1  7.356e-05
2414
3  5.433e-09
2  7.184e-09
1  6.617e-05
2415
3  5.423e-09
2  7.203e-09
1  8.143e-05
2416
4  6.288e-09
2  7.184e-09
3  3.239e-06
1  6.760e-05
2417
3  3.426e-06
4  6.265e-09
1  6.056e-05
2418
3  2.660e-06
2  7.203e-09
4  6.285e-09
1  6.728e-05
2419
2  7.184e-09
4  6.270e-09
3  1.246e-06
1  6.544e-05
2420
2  7.203e-09
4  6.279e-09
3  1.946e-06
1  5.514e-05
2421
3  5.438e-09
2  7.184e-09
1  4.307e-05
2422
1  2.497e-05
2423
1  4.172e-06
2424
1  1.225e-06
2425
1  6.269e-06
2426
1  2.965e-06
2427
1  2.158e-05
2428
4  6.285e-09
3  2.223e-06
1  4.751e-05
2429
2  7.203e-09
3  5.423e-09
1  9.607e-05
2430
3  5.408e-09
1  2.062e-04
2431
1  4.584e-05
2432
1  2.068e-05
2433
1  4.652e-07
2434
2435
2436
2  7.184e-09
3  5.404e-09
1  1.489e-04
2437
3  5.423e-09
1  6.149e-05
2438
1  4.732e-06
2439
1  1.419e-05
2440
1  3.946e-05
2441
3  5.404e-09
1  7.286e-05
2442
3  5.423e-09
1  8.719e-05
2443
2  7.203e-09
1  6.918e-05
2444
2  7.184e-09
1  5.675e-05
2445
1  4.481e-05
2446
4  6.236e-09
3  2.785e-06
1  6.738e-05
2447
4  6.285e-09
3  2.795e-06
1  7.885e-05
2448
3  5.423e-09
2  7.203e-09
1  7.894e-05
2449
1  2.952e-05
2450
1  1.783e-05
2451
2  7.222e-09
1  2.818e-05
2452
2  7.203e-09
4  6.293e-09
3  1.237e-06
1  6.678e-05
2453
2  7.184e-09
4  6.289e-09
3  1.962e-06
1  7.695e-05
2454
3  5.464e-09
2  7.203e-09
1  3.669e-05
2455
1  2.068e-05
2456
1  2.274e-05
2457
4  6.285e-09
3  3.066e-06
1  4.890e-05
2458
2  7.222e-09
3  5.423e-09
1  7.995e-05
2459
2  7.203e-09
1  7.211e-05
2460
2  7.184e-09
1  4.595e-05
2461
2  7.203e-09
3  5.408e-09
1  1.824e-04
2462
1  1.921e-05
2463
1  5.016e-06
2464
1  4.649e-07
2465
2466
2  7.184e-09
3  5.404e-09
1  1.575e-04
2467
3  5.423e-09
1  5.686e-05
2468
1  4.813e-06
2469
1  1.225e-06
2470
1  6.370e-06
2471
1  8.492e-06
2472
1  2.974e-05
2473
1  6.149e-05
2474
1  4.534e-05
2475
1  1.846e-05
2476
1  7.793e-06
2477
3  5.404e-09
1  1.703e-05
2478
3  5.423e-09
1  5.722e-05
2479
1  3.599e-05
2480
1  1.969e-05
2481
1  6.468e-06
2482
4  6.300e-09
3  1.237e-06
1  3.138e-05
2483
4  6.274e-09
3  1.641e-06
1  5.628e-05
2484
3  5.414e-09
1  3.545e-05
2485
1  2.759e-05
2486
4  6.285e-09
3  1.474e-06
1  2.671e-05
2487
3  5.423e-09
1  3.534e-05
2488
1  1.017e-05
2489
1  1.225e-06
2490
1  1.660e-05
2491
3  5.408e-09
1  1.802e-04
2492
1  4.686e-05
2493
1  1.186e-05
2494
1  4.650e-07
2495
2496
1  1.697e-04
2497
3  5.423e-09
1  1.176e-04
2498
3  5.385e-09
2  7.203e-09
1  9.786e-05
2499
3  5.423e-09
1  6.182e-05
2500
1  3.542e-05
2501
1  4.465e-05
2502
4  6.276e-09
3  1.501e-06
1  5.148e-05
2503
2  7.184e-09
4  6.267e-09
3  2.238e-06
1  8.371e-05
2504
2  7.203e-09
4  6.286e-09
3  1.801e-06
1  7.189e-05
2505
3  5.463e-09
1  3.273e-05
2506
1  3.306e-05
2507
3  2.228e-06
4  6.284e-09
1  2.834e-05
2508
3  5.403e-09
2  7.184e-09
1  5.072e-05
2509
1  1.883e-05
2510
1  3.422e-06
2511
1  1.201e-06
2512
1  9.203e-06
2513
1  4.496e-06
2514
1  4.233e-06
2515
1  1.225e-06
2516
1  1.816e-05
2517
4  6.285e-09
3  2.165e-06
1  5.573e-05
2518
3  5.423e-09
2  7.203e-09
1  9.909e-05
2519
2  7.184e-09
1  4.045e-05
2520
1  2.676e-05
2521
3  5.408e-09
1  1.761e-04
2522
1  1.447e-05
2523
1  4.986e-06
2524
1  4.648e-07
2525
2526
2527
3  5.404e-09
1  1.720e-04
2528
4  6.269e-09
3  1.539e-06
1  7.926e-05
2529
2  7.203e-09
4  6.285e-09
3  1.436e-06
1  6.905e-05
2530
3  5.423e-09
1  6.075e-05
2531
1  8.198e-05
2532
1  3.899e-05
2533
1  3.086e-05
2534
1  2.740e-05
2535
2  7.184e-09
1  6.261e-05
2536
2  7.203e-09
1  7.053e-05
2537
2  7.184e-09
1  5.457e-05
2538
1  6.498e-05
2539
2  7.203e-09
1  8.348e-05
2540
4  6.260e-09
3  2.475e-06
1  8.218e-05
2541
4  6.250e-09
3  6.602e-07
1  6.432e-05
2542
3  5.425e-09
1  4.710e-05
2543
4  6.285e-09
3  1.813e-06
1  6.782e-05
2544
2  7.184e-09
3  5.409e-09
1  6.870e-05
2545
2  7.203e-09
3  5.423e-09
1  7.844e-05
2546
2  7.184e-09
1  4.105e-05
2547
1  3.842e-05
2548
1  3.501e-05
2549
3  1.246e-06
4  6.270e-09
1  6.019e-05
2550
2  7.203e-09
3  2.309e-06
1  5.700e-05
2551
3  5.425e-09
1  3.628e-05
2552
3  5.409e-09
1  1.951e-04
2553
1  1.609e-05
2554
1  4.973e-06
2555
1  4.649e-07
2556
2557
2558
3  5.406e-09
1  1.684e-04
2559
4  6.285e-09
3  9.874e-07
1  1.195e-04
2560
3  5.404e-09
2  7.184e-09
1  1.104e-04
2561
3  5.423e-09
2  7.203e-09
1  7.636e-05
2562
2  7.184e-09
1  4.057e-05
2563
1  4.273e-05
2564
3  5.404e-09
1  6.251e-05
2565
3  2.685e-06
4  6.289e-09
1  1.008e-04
2566
4  6.276e-09
3  2.474e-06
1  8.977e-05
2567
3  5.425e-09
1  3.524e-05
2568
1  2.810e-05
2569
4  6.267e-09
3  1.501e-06
1  2.717e-05
2570
4  6.276e-09
3  1.474e-06
1  7.055e-05
2571
3  5.425e-09
2  7.203e-09
1  3.643e-05
2572
1  1.856e-05
2573
1  1.201e-06
2574
1  9.157e-06
2575
1  4.434e-06
2576
1  1.304e-05
2577
4  6.285e-09
3  1.191e-06
1  2.398e-05
2578
3  5.423e-09
2  7.184e-09
1  6.426e-05
2579
2  7.203e-09
1  4.728e-05
2580
1  2.627e-05
2581
1  9.489e-06
2582
1  3.975e-05
2583
2  7.184e-09
3  5.393e-09
1  2.280e-04
2584
2  7.203e-09
1  6.437e-05
2585
1  2.946e-05
2586
1  4.650e-07
2587
2588
2589
1  1.503e-04
2590
3  5.423e-09
1  6.340e-05
2591
1  4.775e-06
2592
1  1.225e-06
2593
1  6.414e-06
2594
1  2.940e-06
2595
1  3.423e-06
2596
1  1.121e-05
2597
1  3.554e-05
2598
1  7.097e-05
2599
2  7.184e-09
1  6.789e-05
2600
2  7.203e-09
1  4.019e-05
2601
1  3.176e-05
2602
1  2.657e-05
2603
2  7.184e-09
1  4.966e-05
2604
2  7.203e-09
1  4.570e-05
2605
2  7.184e-09
1  4.585e-05
2606
1  3.149e-05
2607
1  4.123e-05
2608
2  7.203e-09
3  1.590e-06
4  6.251e-09
1  8.756e-05
2609
4  6.298e-09
3  2.666e-06
1  9.591e-05
2610
3  5.425e-09
1  4.401e-05
2611
1  3.917e-05
2612
4  6.285e-09
3  1.147e-06
1  3.647e-05
2613
3  5.423e-09
2  7.184e-09
1  7.593e-05
2614
3  5.408e-09
2  7.203e-09
1  2.338e-04
2615
2  7.184e-09
1  5.274e-05
2616
1  2.537e-05
2617
1  4.651e-07
2618
2619
1  1.593e-04
2620
3  5.423e-09
1  6.272e-05
2621
1  4.737e-06
2622
1  1.225e-06
2623
1  6.414e-06
2624
1  2.940e-06
2625
1  3.422e-06
2626
1  1.225e-06
2627
1  8.366e-06
2628
1  4.344e-06
2629
1  4.195e-06
2630
1  1.201e-06
2631
1  6.307e-06
2632
1  2.940e-06
2633
1  3.466e-06
2634
1  1.225e-06
2635
1  9.216e-06
2636
1  4.516e-06
2637
1  4.212e-06
2638
1  1.225e-06
2639
1  6.384e-06
2640
1  2.965e-06
2641
1  3.422e-06
2642
1  1.200e-06
2643
1  8.335e-06
2644
3  5.408e-09
1  1.723e-04
2645
1  1.763e-05
2646
1  5.050e-06
2647
1  4.652e-07
2648
2649
2650
3  5.404e-09
1  1.614e-04
2651
3  5.423e-09
1  8.347e-05
2652
1  5.449e-05
2653
1  9.571e-05
2654
2  7.203e-09
1  1.014e-04
2655
1  3.745e-05
2656
1  4.226e-05
2657
1  4.180e-05
2658
2  7.184e-09
3  5.409e-09
1  8.776e-05
2659
3  5.423e-09
1  8.266e-05
2660
1  3.720e-05
2661
1  3.326e-05
2662
1  3.913e-05
2663
3  1.747e-06
4  6.281e-09
1  6.700e-05
2664
4  6.236e-09
3  2.707e-06
1  5.251e-05
2665
3  5.464e-09
2  7.222e-09
1  5.291e-05
2666
2  7.203e-09
4  6.285e-09
3  2.946e-06
1  7.834e-05
2667
3  5.423e-09
2  7.184e-09
1  9.260e-05
2668
2  7.203e-09
1  9.140e-05
2669
2  7.184e-09
1  8.436e-05
2670
2  7.203e-09
1  5.281e-05
2671
1  7.275e-05
2672
1  8.613e-05
2673
2  7.184e-09
3  5.390e-09
1  8.006e-05
2674
2  7.203e-09
3  5.423e-09
1  8.801e-05
2675
3  5.408e-09
1  1.975e-04
2676
1  3.479e-05
2677
1  5.020e-06
2678
1  4.652e-07
2679
2680
2681
1  1.543e-04
2682
3  5.423e-09
1  6.022e-05
2683
1  4.732e-06
2684
1  1.225e-06
2685
1  6.298e-06
2686
1  1.995e-05
2687
1  4.871e-05
2688
1  7.892e-05
2689
1  4.032e-05
2690
1  1.354e-05
2691
1  1.485e-05
2692
3  5.395e-09
1  4.130e-05
2693
2  7.184e-09
3  5.423e-09
1  8.868e-05
2694
2  7.203e-09
1  3.597e-05
2695
1  2.987e-05
2696
1  1.029e-05
2697
4  6.276e-09
3  1.547e-06
1  4.568e-05
2698
4  6.281e-09
3  4.738e-07
1  6.604e-05
2699
3  5.427e-09
1  2.765e-05
2700
1  1.769e-05
2701
1  6.298e-06
2702
1  2.940e-06
2703
1  3.405e-06
2704
1  1.200e-06
2705
1  8.366e-06
2706
3  5.411e-09
1  1.737e-04
2707
1  1.478e-05
2708
1  4.977e-06
2709
1  4.648e-07
2710
2711
3  5.408e-09
1  1.598e-04
2712
4  6.285e-09
3  1.926e-06
1  8.553e-05
2713
3  5.423e-09
1  7.820e-05
2714
2  7.184e-09
1  4.010e-05
2715
1  2.957e-05
2716
1  3.073e-05
2717
4  6.284e-09
3  2.431e-06
1  7.986e-05
2718
2  7.203e-09
4  6.281e-09
3  1.494e-06
1  1.069e-04
2719
2  7.184e-09
4  6.285e-09
3  1.902e-06
1  8.752e-05
2720
3  5.423e-09
2  7.203e-09
1  3.259e-05
2721
1  3.374e-05
2722
1  3.965e-05
2723
2  7.184e-09
3  5.395e-09
1  8.391e-05
2724
3  5.423e-09
1  8.642e-05
2725
1  4.794e-05
2726
1  2.844e-05
2727
1  3.794e-05
2728
3  2.477e-06
4  6.286e-09
1  6.358e-05
2729
4  6.284e-09
3  9.605e-07
2  7.203e-09
1  6.351e-05
2730
3  5.463e-09
2  7.184e-09
1  3.544e-05
2731
1  2.544e-05
2732
1  2.965e-06
2733
1  3.466e-06
2734
1  1.225e-06
2735
1  8.329e-06
2736
3  5.447e-09
1  1.749e-04
2737
1  1.645e-05
2738
1  5.029e-06
2739
1  4.649e-07
2740
2741
1  1.583e-04
2742
4  6.246e-09
3  1.075e-06
1  5.673e-05
2743
3  5.465e-09
1  4.732e-06
2744
1  1.201e-06
2745
1  1.917e-05
2746
4  6.285e-09
3  3.413e-06
1  3.138e-05
2747
3  5.423e-09
1  3.607e-05
2748
1  7.910e-06
2749
1  8.335e-06
2750
1  4.262e-06
2751
1  4.227e-06
2752
1  1.201e-06
2753
1  6.226e-06
2754
1  2.965e-06
2755
1  3.449e-06
2756
1  1.225e-06
2757
1  9.164e-06
2758
1  4.459e-06
2759
1  4.210e-06
2760
1  1.201e-06
2761
1  6.269e-06
2762
1  2.965e-06
2763
1  3.449e-06
2764
1  1.201e-06
2765
1  8.323e-06
2766
3  5.408e-09
1  1.714e-04
2767
1  1.949e-05
2768
1  4.949e-06
2769
1  4.649e-07
2770
2771
3  5.404e-09
1  1.681e-04
2772
3  5.390e-09
1  1.004e-04
2773
2  7.203e-09
3  5.423e-09
1  1.016e-04
2774
3  9.880e-07
2  7.184e-09
4  6.270e-09
1  7.480e-05
2775
4  6.289e-09
3  1.952e-06
1  6.812e-05
2776
3  5.429e-09
1  4.187e-05
2777
4  6.255e-09
3  4.031e-06
1  6.077e-05
2778
2  7.203e-09
4  6.307e-09
3  3.726e-06
1  8.446e-05
2779
3  5.440e-09
2  7.184e-09
1  5.311e-05
2780
1  2.150e-05
2781
1  4.190e-06
2782
1  1.225e-06
2783
1  6.341e-06
2784
1  2.940e-06
2785
1  3.405e-06
2786
1  1.225e-06
2787
1  9.160e-06
2788
1  4.496e-06
2789
1  4.190e-06
2790
1  1.225e-06
2791
1  6.370e-06
2792
1  2.965e-06
2793
1  3.405e-06
2794
1  1.225e-06
2795
1  8.152e-06
2796
3  5.424e-09
1  1.739e-04
2797
1  1.682e-05
2798
1  4.986e-06
2799
1  4.648e-07
2800
2801
2802
1  1.576e-04
2803
4  6.265e-09
3  2.832e-06
1  5.995e-05
2804
3  5.436e-09
1  4.714e-06
2805
1  1.582e-05
2806
4  6.285e-09
3  4.988e-07
1  3.372e-05
2807
4  6.305e-09
3  1.661e-06
1  5.857e-05
2808
3  5.414e-09
1  3.284e-05
2809
1  1.587e-05
2810
1  8.152e-06
2811
1  4.323e-06
2812
1  4.172e-06
2813
1  1.201e-06
2814
1  6.226e-06
2815
1  2.940e-06
2816
1  3.422e-06
2817
1  1.348e-05
2818
4  6.285e-09
3  1.636e-06
1  4.405e-05
2819
3  5.423e-09
1  7.585e-05
2820
2  7.203e-09
1  8.590e-05
2821
2  7.184e-09
1  3.985e-05
2822
1  4.296e-05
2823
1  4.007e-05
2824
3  5.428e-09
1  8.386e-05
2825
3  5.423e-09
1  9.211e-05
2826
2  7.203e-09
1  8.680e-05
2827
3  5.408e-09
2  7.184e-09
1  2.245e-04
2828
2  7.203e-09
1  5.108e-05
2829
1  2.255e-05
2830
1  4.650e-07
2831
2832
2833
3  5.404e-09
1  1.583e-04
2834
3  5.423e-09
1  5.801e-05
2835
1  4.758e-06
2836
1  1.225e-06
2837
1  6.327e-06
2838
1  2.940e-06
2839
1  1.908e-05
2840
1  4.186e-05
2841
1  6.491e-05
2842
2  7.184e-09
1  6.458e-05
2843
1  4.086e-05
2844
1  3.037e-05
2845
1  3.750e-05
2846
3  5.419e-09
1  6.499e-05
2847
2  7.203e-09
3  5.423e-09
1  6.381e-05
2848
1  4.290e-05
2849
2  7.184e-09
1  5.916e-05
2850
1  8.170e-05
2851
3  1.501e-06
4  6.274e-09
1  7.235e-05
2852
3  2.748e-06
4  6.276e-09
2  7.203e-09
1  5.423e-05
2853
3  5.450e-09
1  4.945e-05
2854
3  1.154e-06
4  6.285e-09
1  3.859e-05
2855
3  5.423e-09
1  4.455e-05
2856
1  1.769e-05
2857
1  8.364e-06
2858
3  5.408e-09
1  1.722e-04
2859
1  1.734e-05
2860
1  5.050e-06
2861
1  4.652e-07
2862
2863
2864
1  1.575e-04
2865
3  5.423e-09
1  8.581e-05
2866
2  7.184e-09
3  5.390e-09
1  8.230e-05
2867
2  7.203e-09
3  5.423e-09
1  9.020e-05
2868
2  7.184e-09
1  4.714e-05
2869
1  3.319e-05
2870
1  3.580e-05
2871
4  6.274e-09
3  1.748e-06
1  6.447e-05
2872
2  7.203e-09
4  6.265e-09
3  3.583e-06
1  7.826e-05
2873
3  3.035e-06
4  6.285e-09
1  7.250e-05
2874
3  5.423e-09
2  7.184e-09
1  6.253e-05
2875
1  3.612e-05
2876
1  2.352e-05
2877
1  1.335e-05
2878
1  3.272e-05
2879
3  5.409e-09
1  5.969e-05
2880
1  5.402e-05
2881
1  2.929e-05
2882
1  1.524e-05
2883
3  5.423e-09
1  3.663e-05
2884
4  6.270e-09
3  3.504e-06
1  7.031e-05
2885
3  5.465e-09
1  5.129e-05
2886
1  2.948e-05
2887
1  1.200e-06
2888
1  8.366e-06
2889
3  5.449e-09
1  1.732e-04
2890
1  1.382e-05
2891
1  5.029e-06
2892
1  4.647e-07
2893
2894
2895
3  5.446e-09
1  1.658e-04
2896
4  6.257e-09
3  2.438e-06
1  7.686e-05
2897
3  5.450e-09
2  7.203e-09
1  5.132e-05
2898
1  3.038e-05
2899
4  6.285e-09
3  1.981e-06
1  3.456e-05
2900
4  6.270e-09
3  1.246e-06
2  7.184e-09
1  5.242e-05
2901
3  5.437e-09
2  7.203e-09
1  2.992e-05
2902
1  1.304e-05
2903
1  8.366e-06
2904
1  4.262e-06
2905
1  4.227e-06
2906
1  1.201e-06
2907
1  6.327e-06
2908
1  2.940e-06
2909
1  2.030e-05
2910
4  6.285e-09
3  1.283e-06
1  2.763e-05
2911
3  5.423e-09
2  7.184e-09
1  3.789e-05
2912
1  1.115e-05
2913
1  4.227e-06
2914
1  2.406e-05
2915
2  7.203e-09
1  3.958e-05
2916
2  7.184e-09
1  7.143e-05
2917
2  7.203e-09
1  9.204e-05
2918
2  7.184e-09
1  8.509e-05
2919
2  7.203e-09
1  1.003e-04
2920
3  5.408e-09
1  2.252e-04
2921
2  7.184e-09
1  6.475e-05
2922
1  1.188e-05
2923
1  4.649e-07
2924
2925
2926
3  5.404e-09
1  1.568e-04
2927
3  5.423e-09
1  5.496e-05
2928
1  1.031e-05
2929
1  1.104e-05
2930
1  5.717e-05
2931
2  7.203e-09
1  6.908e-05
2932
2  7.184e-09
1  2.995e-05
2933
1  3.572e-05
2934
1  5.497e-05
2935
1  9.673e-05
2936
1  8.667e-05
2937
1  3.653e-05
2938
1  4.417e-05
2939
1  4.689e-05
2940
4  6.288e-09
3  4.736e-07
1  7.880e-05
2941
3  5.412e-09
1  7.524e-05
2942
1  4.892e-05
2943
1  3.476e-05
2944
4  6.285e-09
3  4.923e-07
1  3.547e-05
2945
3  3.768e-06
4  6.246e-09
1  7.417e-05
2946
4  6.297e-09
3  3.520e-06
1  8.263e-05
2947
3  5.427e-09
2  7.203e-09
1  4.322e-05
2948
1  2.254e-05
2949
1  1.201e-06
2950
1  8.239e-06
2951
3  5.411e-09
1  1.733e-04
2952
1  1.725e-05
2953
1  4.973e-06
2954
1  4.649e-07
2955
2956
1  1.558e-04
2957
4  6.274e-09
3  2.206e-06
1  5.801e-05
2958
3  5.438e-09
1  2.091e-05
2959
4  6.285e-09
3  1.437e-06
1  4.106e-05
2960
3  5.438e-09
2  7.184e-09
1  7.942e-05
2961
3  5.423e-09
1  7.357e-05
2962
2  7.203e-09
1  3.835e-05
2963
1  3.464e-05
2964
1  3.979e-05
2965
2  7.184e-09
4  6.256e-09
3  2.060e-06
1  6.833e-05
2966
4  6.265e-09
3  2.944e-06
2  7.203e-09
1  7.566e-05
2967
3  5.452e-09
1  3.413e-05
2968
1  3.175e-05
2969
1  2.940e-06
2970
1  3.422e-06
2971
1  1.200e-06
2972
1  9.033e-06
2973
1  4.496e-06
2974
1  4.216e-06
2975
1  1.200e-06
2976
1  6.350e-06
2977
1  2.965e-06
2978
1  3.466e-06
2979
1  1.200e-06
2980
1  8.242e-06
2981
3  5.436e-09
1  1.744e-04
2982
1  1.537e-05
2983
1  4.986e-06
2984
1  4.650e-07
2985
2986
1  1.537e-04
2987
4  6.305e-09
3  3.203e-06
1  6.114e-05
2988
3  5.414e-09
1  4.714e-06
2989
1  1.225e-06
2990
1  6.371e-06
2991
1  2.965e-06
2992
1  3.405e-06
2993
1  1.225e-06
2994
1  8.366e-06
2995
1  4.299e-06
2996
1  4.172e-06
2997
1  1.201e-06
2998
1  6.328e-06
2999
1  2.940e-06
3000
1  2.113e-05
3001
4  6.285e-09
3  1.636e-06
1  3.284e-05
3002
3  5.423e-09
2  7.184e-09
1  4.316e-05
3003
1  1.117e-05
3004
1  4.227e-06
3005
1  1.586e-05
3006
1  2.576e-05
3007
1  3.038e-05
3008
1  1.018e-05
3009
1  1.225e-06
3010
1  2.094e-05
3011
3  5.408e-09
1  1.863e-04
3012
1  4.729e-05
3013
1  1.186e-05
3014
1  4.649e-07
3015
3016
3  5.404e-09
1  1.633e-04
3017
3  5.423e-09
1  7.516e-05
3018
4  6.270e-09
3  1.033e-06
1  5.582e-05
3019
4  6.260e-09
3  2.198e-06
1  5.882e-05
3020
3  5.427e-09
1  4.056e-05
3021
1  1.843e-05
3022
1  3.423e-06
3023
1  1.201e-06
3024
1  8.363e-06
3025
1  4.286e-06
3026
1  4.271e-06
3027
1  1.225e-06
3028
1  6.226e-06
3029
1  2.940e-06
3030
1  3.423e-06
3031
1  1.201e-06
3032
1  9.123e-06
3033
1  4.459e-06
3034
1  4.271e-06
3035
1  1.225e-06
3036
1  6.351e-06
3037
1  2.940e-06
3038
1  3.405e-06
3039
1  1.201e-06
3040
1  8.378e-06
3041
3  5.411e-09
1  1.745e-04
3042
1  1.832e-05
3043
1  5.017e-06
3044
1  4.650e-07
3045
3046
3047
2  7.203e-09
1  1.716e-04
3048
2  7.184e-09
4  6.285e-09
3  2.171e-06
1  1.192e-04
3049
3  5.423e-09
2  7.203e-09
1  1.161e-04
3050
3  5.404e-09
1  8.416e-05
3051
2  7.184e-09
3  5.423e-09
1  8.752e-05
3052
1  6.458e-05
3053
3  5.433e-09
1  8.035e-05
3054
3  5.423e-09
1  1.133e-04
3055
2  7.222e-09
4  6.284e-09
3  2.173e-06
1  1.318e-04
3056
2  7.184e-09
4  6.260e-09
3  2.981e-06
1  1.096e-04
3057
2  7.203e-09
4  6.285e-09
3  2.609e-06
1  1.154e-04
3058
4  6.255e-09
3  2.566e-06
1  1.125e-04
3059
2  7.184e-09
4  6.284e-09
3  3.624e-06
1  1.063e-04
3060
4  6.285e-09
3  2.092e-06
1  9.054e-05
3061
3  5.423e-09
2  7.203e-09
1  9.463e-05
3062
3  5.428e-09
1  9.971e-05
3063
2  7.184e-09
3  5.423e-09
1  1.067e-04
3064
2  7.203e-09
1  8.206e-05
3065
4  6.284e-09
3  2.432e-06
2  7.184e-09
1  7.944e-05
3066
2  7.203e-09
4  6.289e-09
3  3.072e-06
1  8.599e-05
3067
2  7.184e-09
3  3.356e-06
4  6.279e-09
1  1.052e-04
3068
2  7.203e-09
4  6.289e-09
3  3.541e-06
1  9.133e-05
3069
3  5.453e-09
1  3.753e-05
3070
1  2.030e-05
3071
1  1.922e-05
3072
4  6.285e-09
3  2.769e-06
1  2.005e-04
3073
3  5.408e-09
1  1.226e-07
3074
2  0.000e+00
4  0.000e+00
3  0.000e+00
1  0.000e+00
; file closed at 3074ns
; trailer 819505344
