;! output_format 5.3
; header 115715131294
; 
;                                   PrimePower 
; 
;               Version P-2019.03-SP5-1 for linux64 - Dec 13, 2019 
; 
;                     Copyright (c) 1988 - 2019 Synopsys, Inc.
;    This software and the associated documentation are proprietary to Synopsys,
;  Inc. This software may only be used in accordance with the terms and conditions
;  of a written license agreement with Synopsys, Inc. All other use, reproduction,
;             or distribution of this software is strictly prohibited.
;

;
.time_resolution 1
.hier_separator /
.index Pc(Convolution) 1 Pc
.index Pc(Convolution/add_93_2) 2 Pc
.index Pc(Convolution/add_93_3) 3 Pc
.index Pc(Convolution/add_93_4) 4 Pc
.index Pc(Convolution/add_93) 5 Pc
.index Pc(Convolution/add_0_root_add_0_root_add_87_6) 6 Pc
.index Pc(Convolution/add_0_root_add_0_root_add_89_7) 7 Pc
0
3  5.236e-09
4  8.872e-09
7  1.885e-09
6  1.885e-09
5  4.625e-09
2  4.105e-09
1  6.719e-08
10
1  7.793e-07
11
1  6.713e-08
20
1  7.790e-07
21
1  4.090e-07
22
7  7.264e-07
6  1.357e-06
1  8.356e-05
23
4  6.010e-06
3  1.504e-05
5  1.151e-05
2  9.837e-06
7  1.983e-06
6  6.734e-06
1  1.972e-04
24
5  1.316e-05
2  1.244e-05
4  1.687e-05
3  1.715e-05
7  7.246e-07
6  3.236e-06
1  2.239e-04
25
5  9.947e-06
4  1.836e-05
3  8.685e-06
2  6.359e-06
7  8.146e-07
6  2.765e-06
1  1.936e-04
26
5  9.295e-06
4  1.700e-05
2  8.875e-06
3  1.397e-05
7  6.676e-06
6  4.869e-06
1  2.210e-04
27
5  1.311e-05
4  1.249e-05
3  1.488e-05
2  6.944e-06
7  4.412e-06
6  5.735e-06
1  2.354e-04
28
5  1.141e-05
3  2.613e-06
2  9.095e-06
4  1.769e-05
7  4.129e-06
6  5.947e-06
1  1.917e-04
29
5  5.717e-06
2  8.768e-06
4  1.709e-05
3  1.354e-05
7  3.230e-06
6  6.116e-06
1  2.192e-04
30
5  5.061e-06
3  1.509e-05
2  8.678e-06
4  2.453e-05
6  3.753e-06
7  5.606e-06
1  2.550e-04
31
5  6.259e-06
4  2.359e-05
3  1.203e-05
2  1.253e-05
6  2.168e-06
7  6.014e-06
1  2.369e-04
32
3  6.532e-06
2  9.236e-06
4  1.303e-05
5  1.699e-05
7  5.382e-07
6  3.224e-06
1  2.152e-04
33
5  1.046e-05
2  1.009e-05
3  1.114e-05
4  2.252e-05
7  5.342e-07
6  4.923e-06
1  2.134e-04
34
4  1.179e-05
5  1.134e-05
2  8.123e-06
3  1.239e-05
7  3.165e-06
6  5.427e-06
1  2.029e-04
35
3  1.114e-05
2  1.222e-05
5  7.478e-06
4  1.396e-05
6  2.817e-06
7  2.733e-06
1  2.118e-04
36
5  1.094e-05
2  1.283e-05
4  1.752e-05
3  1.038e-05
7  2.732e-06
6  6.118e-06
1  2.235e-04
37
5  1.342e-05
4  1.903e-05
2  9.943e-06
3  1.336e-05
6  5.986e-06
7  2.920e-06
1  2.431e-04
38
5  4.559e-06
4  2.031e-05
2  1.242e-05
3  1.642e-05
7  7.265e-07
6  3.944e-06
1  2.370e-04
39
5  5.412e-06
2  8.123e-06
4  1.759e-05
3  1.743e-05
7  2.410e-06
6  5.526e-06
1  2.256e-04
40
5  1.350e-05
4  2.031e-05
2  1.126e-05
3  1.734e-05
7  3.160e-06
6  6.618e-06
1  2.482e-04
41
5  4.820e-09
4  2.301e-05
2  1.482e-05
3  1.155e-05
7  2.200e-06
6  8.844e-07
1  2.213e-04
42
2  5.118e-06
5  1.209e-05
3  6.425e-06
4  2.911e-05
7  3.817e-06
6  4.991e-06
1  2.502e-04
43
4  4.336e-06
3  1.586e-05
2  6.985e-06
5  1.164e-05
7  3.298e-06
1  1.893e-04
6  3.958e-06
44
5  4.501e-06
4  1.694e-05
2  1.261e-05
3  1.412e-05
6  3.628e-06
7  4.069e-06
1  2.318e-04
45
4  1.994e-05
2  7.929e-06
3  1.231e-05
5  1.372e-05
7  3.477e-06
6  7.251e-07
1  2.508e-04
46
5  1.396e-05
3  1.264e-05
2  1.040e-05
4  1.830e-05
7  3.515e-06
6  5.220e-06
1  2.565e-04
47
3  3.135e-06
5  1.533e-06
4  1.256e-05
2  8.873e-06
6  4.268e-06
7  4.559e-06
1  2.032e-04
48
2  5.561e-06
5  7.060e-06
4  1.451e-05
3  1.360e-05
7  6.159e-06
6  4.516e-06
1  2.256e-04
49
5  9.126e-06
4  1.579e-05
3  1.629e-05
2  6.550e-06
7  4.320e-06
6  3.059e-06
1  2.269e-04
50
4  1.497e-05
2  4.704e-06
3  1.030e-05
5  6.914e-06
6  3.805e-06
7  3.929e-06
1  2.132e-04
51
5  1.343e-05
4  1.157e-05
2  6.617e-06
3  1.539e-05
7  6.130e-06
1  2.607e-04
6  3.997e-06
52
3  1.049e-05
4  1.293e-05
2  8.398e-06
5  1.190e-05
6  2.808e-06
7  6.629e-06
1  2.053e-04
53
4  2.310e-05
5  1.258e-05
2  9.083e-06
3  1.279e-05
7  1.623e-06
6  2.330e-06
1  2.271e-04
54
5  5.294e-06
4  2.635e-05
3  1.547e-05
2  1.444e-05
7  4.994e-06
6  5.281e-06
1  2.666e-04
55
4  1.098e-05
3  6.431e-06
2  3.169e-06
5  8.328e-06
7  3.265e-06
6  4.683e-06
1  2.104e-04
56
5  1.408e-05
4  2.336e-05
2  1.078e-05
3  1.133e-05
6  5.400e-06
7  5.168e-06
1  2.400e-04
57
3  1.191e-05
2  7.469e-06
5  1.371e-05
4  1.807e-05
7  2.375e-06
6  1.500e-06
1  2.090e-04
58
5  8.379e-06
4  1.292e-05
3  1.216e-05
2  1.176e-05
6  2.138e-06
7  7.524e-07
1  2.053e-04
59
3  8.958e-06
2  3.240e-06
4  1.805e-05
5  1.195e-05
7  3.293e-06
6  2.792e-06
1  2.179e-04
60
2  3.897e-06
5  1.105e-05
4  1.641e-05
3  1.406e-05
6  2.986e-06
7  3.614e-06
1  1.821e-04
61
5  1.292e-05
4  1.177e-05
3  1.676e-05
2  8.153e-06
6  2.805e-06
7  6.939e-06
1  2.306e-04
62
5  1.057e-05
2  1.023e-05
4  1.735e-05
3  1.709e-05
7  1.886e-09
6  6.278e-06
1  2.584e-04
63
4  1.108e-05
2  1.193e-05
3  9.857e-06
5  1.217e-05
7  3.106e-06
6  3.435e-06
1  2.302e-04
64
5  7.874e-06
4  1.303e-05
3  5.025e-06
2  6.906e-06
7  4.007e-06
6  1.078e-06
1  2.043e-04
65
2  5.060e-06
4  1.908e-05
5  1.296e-05
3  1.421e-05
6  2.261e-06
7  4.490e-06
1  2.260e-04
66
5  8.191e-06
4  1.982e-05
2  1.059e-05
3  1.726e-05
7  2.703e-06
6  3.382e-06
1  2.278e-04
67
4  1.272e-05
5  1.248e-05
2  8.728e-06
3  5.146e-06
7  1.451e-06
6  1.190e-06
1  2.235e-04
68
3  1.569e-05
2  1.326e-05
5  1.479e-05
4  2.037e-05
7  6.053e-06
6  6.238e-06
1  2.656e-04
69
5  1.158e-05
4  2.065e-05
3  1.554e-05
2  1.200e-05
7  5.529e-06
6  5.074e-06
1  2.573e-04
70
3  1.149e-05
5  1.368e-05
4  1.982e-05
2  1.092e-05
7  2.125e-06
6  2.302e-06
1  2.413e-04
71
5  1.038e-05
4  1.116e-05
3  1.612e-05
2  1.148e-05
6  1.184e-06
7  6.086e-06
1  2.389e-04
72
5  1.044e-05
4  2.197e-05
2  1.216e-05
3  1.555e-05
6  3.710e-06
7  2.594e-06
1  2.629e-04
73
4  1.705e-05
3  7.114e-06
2  1.143e-05
5  8.626e-06
6  2.435e-06
7  4.224e-06
1  2.288e-04
74
5  8.265e-06
4  2.603e-05
3  9.976e-06
2  9.271e-06
6  2.538e-06
7  3.783e-06
1  2.331e-04
75
4  1.123e-05
3  1.539e-05
2  1.318e-05
5  1.220e-05
6  1.916e-06
7  6.878e-06
1  2.521e-04
76
2  5.109e-06
5  1.302e-05
4  2.411e-05
3  1.635e-05
7  6.113e-06
6  6.186e-06
1  2.302e-04
77
4  1.467e-05
2  9.357e-06
5  8.484e-06
3  4.932e-06
6  6.025e-06
7  4.159e-06
1  1.984e-04
78
3  6.285e-06
5  1.236e-05
2  9.883e-06
4  1.685e-05
7  6.274e-06
6  5.609e-06
1  2.373e-04
79
5  6.953e-06
4  1.238e-05
3  1.059e-05
2  7.122e-06
7  5.559e-06
6  3.850e-06
1  2.182e-04
80
4  1.671e-05
3  1.244e-05
2  1.137e-05
5  1.362e-05
6  5.440e-06
7  3.281e-06
1  2.288e-04
81
3  1.714e-05
4  2.557e-05
2  9.695e-06
5  9.526e-06
6  6.837e-06
7  3.534e-06
1  2.215e-04
82
4  1.274e-05
5  1.029e-05
2  1.209e-05
3  1.838e-05
6  5.296e-06
7  6.745e-06
1  2.416e-04
83
5  1.148e-05
2  1.259e-05
3  3.612e-06
4  1.588e-05
7  3.672e-06
6  4.034e-06
1  2.458e-04
84
2  9.005e-06
4  2.243e-05
5  1.079e-05
3  1.304e-05
6  2.916e-06
7  3.095e-06
1  2.140e-04
85
3  8.403e-06
4  2.193e-05
5  9.039e-06
2  5.490e-06
7  6.132e-06
6  3.803e-06
1  2.331e-04
86
5  7.503e-06
2  1.216e-05
4  1.950e-05
3  1.882e-05
6  3.591e-06
7  5.848e-06
1  2.075e-04
87
2  4.494e-06
4  1.620e-06
3  7.927e-06
5  9.643e-06
7  5.411e-06
6  5.565e-06
1  2.007e-04
88
2  1.227e-05
4  1.086e-05
5  1.341e-05
3  1.768e-05
7  1.954e-06
6  4.412e-06
1  2.135e-04
89
3  1.045e-05
5  9.088e-06
4  1.530e-05
2  5.320e-06
6  2.335e-06
7  1.801e-06
1  2.121e-04
90
4  1.423e-05
5  8.741e-06
3  1.143e-05
2  9.456e-06
6  3.956e-06
7  2.296e-06
1  2.165e-04
91
4  5.638e-06
5  1.307e-05
2  1.287e-05
3  1.717e-05
6  2.809e-06
7  4.805e-06
1  2.308e-04
92
4  1.268e-05
3  1.340e-05
2  1.097e-05
5  1.135e-05
6  1.848e-06
7  4.119e-06
1  2.376e-04
93
5  9.801e-06
2  1.248e-05
3  1.608e-05
4  1.866e-05
6  1.902e-09
7  4.338e-06
1  2.315e-04
94
5  2.691e-06
4  1.796e-05
2  1.033e-05
3  1.487e-05
6  5.335e-06
7  5.404e-06
1  2.438e-04
95
2  9.696e-06
4  1.259e-05
5  7.007e-06
3  1.163e-05
6  3.203e-06
7  5.789e-06
1  2.265e-04
96
2  7.708e-06
4  1.233e-05
5  1.045e-05
3  1.362e-05
7  3.662e-06
6  5.650e-06
1  2.213e-04
97
4  2.197e-05
5  9.852e-06
3  1.148e-05
2  1.168e-05
7  4.317e-06
6  1.362e-06
1  2.301e-04
98
3  1.609e-05
2  1.323e-05
4  1.883e-05
5  1.274e-05
7  6.758e-06
6  4.724e-06
1  2.568e-04
99
4  1.364e-05
5  8.452e-06
3  1.139e-05
2  9.204e-06
7  5.075e-06
6  6.826e-06
1  2.315e-04
100
4  1.633e-05
5  1.119e-05
3  7.664e-06
2  7.510e-06
6  3.836e-06
7  5.549e-06
1  2.277e-04
101
2  9.887e-06
5  1.235e-05
4  1.141e-05
3  1.578e-05
6  3.741e-06
7  2.460e-06
1  2.074e-04
102
2  2.419e-06
3  1.104e-05
4  2.075e-05
5  1.087e-05
7  2.083e-06
6  4.566e-06
1  2.266e-04
103
2  6.431e-06
3  1.119e-05
5  1.063e-05
4  1.977e-05
7  6.605e-06
6  5.304e-06
1  2.441e-04
104
3  6.971e-06
5  1.086e-05
2  6.497e-06
4  2.093e-05
6  3.628e-06
7  5.021e-06
1  2.104e-04
105
3  1.592e-05
5  7.190e-06
2  1.239e-05
4  1.277e-05
6  4.649e-06
7  4.552e-06
1  2.227e-04
106
5  1.335e-05
2  1.387e-05
4  1.023e-05
3  1.420e-05
7  4.999e-06
6  6.094e-06
1  2.301e-04
107
5  8.876e-06
2  9.758e-06
4  7.097e-06
3  9.463e-06
6  5.213e-06
7  4.269e-06
1  2.509e-04
108
2  8.067e-06
4  1.769e-05
3  1.481e-05
5  1.398e-05
7  5.086e-06
1  2.267e-04
6  1.470e-06
109
5  5.801e-06
3  5.954e-06
4  1.744e-05
2  9.508e-06
7  4.356e-06
6  1.764e-06
1  1.994e-04
110
2  6.991e-06
5  1.394e-05
4  1.777e-05
3  1.885e-05
7  3.907e-06
6  6.604e-06
1  2.508e-04
111
4  7.458e-06
2  5.432e-06
3  1.403e-05
5  1.060e-05
6  4.699e-06
7  3.078e-06
1  2.296e-04
112
4  1.996e-05
3  8.489e-06
2  6.339e-06
5  1.021e-05
7  2.757e-06
6  4.352e-06
1  2.156e-04
113
2  8.022e-06
5  1.246e-05
4  2.741e-05
3  1.335e-05
7  4.329e-06
6  5.150e-06
1  2.372e-04
114
4  1.198e-05
5  1.057e-05
2  7.818e-06
3  1.475e-05
6  7.873e-07
7  1.505e-06
1  2.142e-04
115
2  1.363e-05
4  7.680e-06
3  1.669e-05
5  1.405e-05
6  4.726e-06
7  5.297e-06
1  2.401e-04
116
2  4.157e-06
3  6.957e-06
4  1.619e-05
5  1.059e-05
6  2.262e-06
7  2.656e-06
1  2.197e-04
117
4  2.320e-05
2  1.306e-05
3  1.492e-05
5  1.374e-05
7  4.339e-06
6  1.210e-06
1  2.281e-04
118
4  1.366e-05
3  1.501e-05
2  9.858e-06
5  1.025e-05
6  1.808e-09
7  3.280e-06
1  2.169e-04
119
3  9.247e-06
2  3.010e-06
4  7.924e-06
5  1.314e-05
6  5.933e-06
7  3.233e-06
1  2.028e-04
120
5  5.797e-06
3  1.271e-05
4  1.746e-05
2  8.777e-06
6  2.949e-06
7  6.080e-06
1  2.320e-04
121
5  6.052e-06
2  3.159e-06
3  8.428e-06
4  1.734e-05
6  1.259e-06
7  3.331e-06
1  1.817e-04
122
2  6.546e-06
4  1.356e-05
3  1.807e-05
5  8.739e-06
6  3.147e-06
7  4.292e-06
1  2.267e-04
123
2  7.572e-06
4  1.636e-05
5  1.216e-05
3  1.390e-05
7  1.603e-06
6  4.495e-06
1  2.195e-04
124
5  1.221e-05
4  1.831e-05
2  7.921e-06
3  1.271e-05
7  7.449e-07
1  2.363e-04
6  7.591e-06
125
3  7.721e-08
5  8.134e-06
2  6.842e-06
4  1.498e-05
7  3.937e-06
6  5.415e-06
1  1.961e-04
126
3  1.318e-05
2  1.014e-05
5  1.293e-05
4  2.642e-05
7  3.688e-06
6  4.678e-06
1  2.226e-04
127
3  6.057e-06
2  7.916e-06
5  7.337e-06
4  1.944e-05
6  3.159e-06
7  6.750e-06
1  2.254e-04
128
3  1.154e-05
5  1.271e-05
2  1.494e-05
4  1.734e-05
6  3.627e-06
7  1.657e-06
1  2.223e-04
129
2  7.723e-06
3  3.287e-06
4  1.786e-05
5  1.044e-05
7  1.902e-09
6  5.628e-06
1  2.065e-04
130
2  1.352e-05
5  5.346e-06
4  1.702e-05
3  1.714e-05
6  2.513e-06
7  5.906e-06
1  2.251e-04
131
3  6.796e-06
4  3.157e-06
2  1.189e-05
5  1.054e-05
7  2.382e-06
6  3.201e-06
1  1.946e-04
132
4  3.895e-06
3  1.340e-05
2  8.924e-06
5  1.317e-05
6  8.070e-06
1  2.176e-04
7  7.567e-06
133
5  1.232e-05
3  1.048e-05
2  9.322e-06
4  2.034e-05
7  4.542e-06
6  5.079e-06
1  2.276e-04
134
5  1.203e-05
4  2.753e-05
2  9.671e-06
3  8.764e-06
7  6.701e-06
6  3.894e-06
1  2.218e-04
135
3  1.088e-05
2  1.144e-05
5  4.565e-06
4  1.722e-05
7  4.727e-06
6  2.926e-06
1  2.181e-04
136
3  1.520e-05
4  1.751e-05
2  9.551e-06
5  1.173e-05
7  5.713e-06
6  3.649e-06
1  2.428e-04
137
2  9.847e-06
3  9.353e-06
4  1.874e-05
5  1.020e-05
6  4.030e-07
7  4.560e-06
1  2.279e-04
138
5  1.130e-05
2  9.751e-06
4  1.739e-05
3  1.260e-05
6  6.423e-06
7  4.138e-06
1  2.348e-04
139
4  9.831e-06
3  1.395e-05
2  1.083e-05
5  1.219e-05
7  1.889e-06
6  5.385e-06
1  2.151e-04
140
2  6.303e-06
3  1.659e-05
4  1.167e-05
5  8.712e-06
7  5.016e-06
6  2.909e-06
1  2.215e-04
141
4  1.569e-05
2  8.614e-06
5  9.793e-06
3  1.885e-05
7  3.914e-06
6  3.751e-06
1  2.185e-04
142
5  1.137e-05
2  8.405e-06
3  1.758e-05
4  2.062e-05
7  2.828e-06
6  4.388e-06
1  2.321e-04
143
2  5.657e-06
4  1.402e-05
5  6.065e-06
3  8.833e-06
7  2.008e-06
6  5.658e-06
1  2.175e-04
144
5  4.543e-06
2  9.214e-06
3  1.007e-05
4  1.716e-05
6  5.204e-06
7  2.879e-06
1  1.972e-04
145
5  4.204e-06
2  6.842e-06
4  1.856e-05
3  1.059e-05
6  2.338e-06
7  3.132e-06
1  2.087e-04
146
5  1.045e-05
3  1.130e-05
2  1.072e-05
4  1.748e-05
6  2.979e-06
7  4.510e-06
1  2.268e-04
147
4  2.833e-06
2  6.022e-06
3  1.187e-05
5  7.682e-06
6  4.540e-06
7  2.407e-06
1  1.936e-04
148
2  9.760e-06
3  1.577e-05
4  1.997e-05
5  1.043e-05
6  1.898e-06
7  3.759e-06
1  2.305e-04
149
3  9.943e-06
2  8.102e-06
5  1.031e-05
4  1.514e-05
7  4.994e-06
6  2.117e-06
1  2.262e-04
150
5  1.075e-05
2  2.379e-06
4  1.889e-05
3  5.472e-06
7  3.774e-06
6  3.388e-06
1  2.235e-04
151
2  8.505e-06
3  5.390e-06
5  1.399e-05
4  2.456e-05
7  3.051e-06
6  3.609e-06
1  2.206e-04
152
2  5.518e-06
3  6.527e-06
5  1.282e-05
4  1.853e-05
7  3.362e-06
6  3.788e-06
1  2.111e-04
153
5  1.264e-05
4  2.184e-05
2  4.482e-06
3  1.509e-05
7  3.926e-06
6  5.068e-06
1  2.416e-04
154
3  1.156e-05
5  8.359e-06
2  9.397e-06
4  2.323e-05
6  6.624e-06
7  5.245e-06
1  2.590e-04
155
2  2.551e-06
3  9.358e-06
4  1.256e-05
5  1.250e-05
6  3.717e-06
7  3.811e-06
1  2.550e-04
156
5  1.442e-05
4  2.113e-05
2  1.160e-05
3  1.762e-05
7  4.391e-06
6  1.638e-06
1  2.361e-04
157
3  1.134e-05
2  3.634e-06
4  1.308e-05
5  1.106e-05
7  4.381e-06
6  3.830e-06
1  2.033e-04
158
5  1.393e-05
2  1.026e-05
4  1.488e-05
3  1.349e-05
6  3.458e-06
7  3.437e-06
1  2.250e-04
159
3  1.240e-05
5  3.267e-06
4  8.084e-06
2  1.222e-05
7  3.157e-06
6  5.517e-06
1  2.092e-04
160
4  1.659e-05
5  8.263e-06
2  1.364e-05
3  1.744e-05
6  6.119e-06
7  4.638e-06
1  2.448e-04
161
3  7.717e-06
5  1.005e-05
2  1.166e-05
4  1.868e-05
7  6.141e-06
6  4.003e-06
1  2.143e-04
162
3  8.874e-06
2  1.071e-05
5  1.550e-05
4  1.618e-05
6  3.933e-06
7  2.915e-06
1  2.412e-04
163
2  1.256e-05
5  9.213e-06
3  8.526e-06
4  2.900e-06
7  2.611e-06
6  7.834e-07
1  2.007e-04
164
2  1.146e-05
4  9.472e-06
5  1.176e-05
3  1.298e-05
6  6.035e-06
7  4.231e-06
1  2.081e-04
165
2  8.447e-06
5  6.033e-06
3  9.190e-06
4  1.519e-05
6  3.633e-06
7  4.357e-06
1  2.120e-04
166
4  1.266e-05
2  1.434e-05
5  1.088e-05
3  1.423e-05
6  1.180e-06
7  3.969e-06
1  2.468e-04
167
2  8.095e-06
4  1.124e-05
3  8.322e-06
5  1.020e-05
7  5.050e-06
6  4.995e-06
1  2.256e-04
168
5  5.446e-06
3  2.935e-06
4  2.004e-05
2  9.945e-06
6  6.860e-06
1  2.260e-04
7  6.796e-06
169
3  1.335e-05
2  9.359e-06
4  1.691e-05
5  6.829e-06
7  2.188e-06
6  3.547e-06
1  2.448e-04
170
3  1.050e-05
4  1.122e-05
2  1.036e-05
5  5.806e-06
7  8.471e-06
6  3.084e-06
1  2.322e-04
171
3  6.414e-06
4  1.422e-05
5  1.136e-05
2  9.245e-06
6  5.579e-06
7  4.178e-06
1  2.356e-04
172
5  1.102e-05
2  1.185e-05
4  2.270e-05
3  1.161e-05
7  4.502e-06
6  4.723e-06
1  2.287e-04
173
3  7.475e-06
2  1.254e-05
5  8.583e-06
4  1.949e-05
7  5.131e-06
6  3.599e-06
1  2.311e-04
174
2  1.045e-05
3  1.978e-05
4  1.858e-05
5  1.147e-05
6  3.577e-06
7  2.208e-06
1  2.394e-04
175
2  9.997e-06
5  1.068e-05
4  1.523e-05
3  1.306e-05
7  3.888e-06
6  2.441e-06
1  2.223e-04
176
5  1.046e-05
4  7.073e-06
2  1.169e-05
3  1.025e-05
6  4.800e-06
1  2.265e-04
7  3.473e-06
177
3  9.246e-06
4  1.326e-05
2  1.013e-05
5  8.037e-06
7  2.208e-06
6  5.024e-06
1  2.144e-04
178
3  1.523e-05
4  1.983e-05
2  1.002e-05
5  9.906e-06
6  4.165e-06
7  6.647e-06
1  2.364e-04
179
4  6.845e-06
5  7.286e-06
3  1.075e-05
2  1.414e-05
6  1.489e-06
7  5.607e-06
1  2.205e-04
180
3  9.039e-06
4  1.666e-05
2  1.074e-05
5  3.358e-06
6  1.431e-06
7  4.572e-06
1  2.201e-04
181
2  8.049e-06
5  1.158e-05
4  2.011e-05
3  1.331e-05
6  1.148e-06
7  6.486e-06
1  2.141e-04
182
2  5.673e-06
5  1.209e-05
3  1.270e-05
4  1.433e-05
7  3.229e-06
6  3.681e-06
1  2.088e-04
183
5  6.090e-06
4  1.137e-05
3  1.139e-05
2  6.734e-06
6  2.142e-06
7  3.369e-06
1  1.827e-04
184
2  7.914e-06
3  1.480e-05
5  1.050e-05
4  2.042e-05
7  5.062e-06
6  4.556e-06
1  2.456e-04
185
5  4.409e-06
2  6.011e-06
3  9.964e-06
4  1.682e-05
6  3.252e-06
7  1.468e-06
1  2.058e-04
186
2  8.313e-06
5  9.592e-06
3  1.545e-05
4  1.498e-05
6  3.016e-06
7  3.143e-06
1  2.307e-04
187
2  8.611e-06
4  6.902e-06
5  7.672e-06
3  1.027e-05
6  3.861e-06
7  2.934e-06
1  2.176e-04
188
5  6.455e-06
2  3.521e-06
4  8.816e-06
3  7.914e-06
7  1.360e-06
6  5.497e-06
1  1.967e-04
189
3  1.454e-05
2  8.597e-06
4  1.847e-05
5  1.243e-05
6  3.873e-06
7  3.733e-06
1  2.239e-04
190
3  1.421e-05
2  8.360e-06
4  2.240e-05
5  1.130e-05
7  3.392e-06
6  5.147e-06
1  2.355e-04
191
2  6.940e-06
5  9.394e-06
4  1.015e-05
3  1.254e-05
7  3.102e-06
6  4.111e-06
1  2.289e-04
192
3  7.818e-06
2  5.401e-06
5  9.829e-06
4  1.622e-05
6  6.930e-06
7  6.360e-06
1  2.014e-04
193
3  9.876e-06
4  2.219e-05
5  9.429e-06
2  9.640e-06
6  7.440e-06
7  1.530e-06
1  2.604e-04
194
3  1.490e-05
2  1.159e-05
4  1.465e-05
5  1.264e-05
6  2.174e-06
7  3.248e-06
1  2.219e-04
195
5  9.396e-06
2  5.235e-06
4  1.412e-05
3  9.824e-06
7  3.703e-06
6  5.014e-06
1  2.004e-04
196
2  6.551e-06
5  1.200e-05
3  1.157e-05
4  1.316e-05
7  2.365e-06
1  2.152e-04
6  2.595e-06
197
3  1.045e-05
4  1.891e-05
2  1.366e-05
5  1.453e-05
6  1.350e-06
7  7.622e-06
1  2.321e-04
198
5  4.813e-06
2  1.030e-05
3  1.361e-05
4  2.163e-05
6  3.406e-06
7  5.121e-06
1  2.324e-04
199
2  6.016e-06
5  1.326e-05
4  1.384e-05
3  1.079e-05
6  3.350e-06
7  4.712e-06
1  2.180e-04
200
4  1.402e-05
2  7.105e-06
5  1.128e-05
3  1.277e-05
6  3.544e-06
7  2.156e-06
1  2.011e-04
201
5  9.971e-06
4  2.125e-05
3  1.383e-05
2  1.473e-05
6  1.364e-06
7  6.243e-06
1  2.250e-04
202
5  1.186e-05
2  9.143e-06
4  2.510e-05
3  6.977e-06
7  4.873e-06
6  2.142e-06
1  2.190e-04
203
3  1.246e-05
5  8.672e-06
2  1.047e-05
4  1.486e-05
6  4.671e-06
7  4.914e-06
1  2.076e-04
204
2  1.357e-05
4  1.853e-05
3  5.762e-06
5  7.449e-06
7  1.955e-06
6  3.476e-06
1  2.252e-04
205
2  1.394e-05
3  3.093e-06
4  1.498e-05
5  5.507e-06
7  2.908e-06
6  3.809e-06
1  2.138e-04
206
3  4.920e-06
2  7.971e-06
5  9.016e-06
4  2.241e-05
6  1.526e-06
7  4.543e-06
1  2.197e-04
207
3  4.311e-06
2  1.230e-05
5  1.061e-05
4  2.120e-05
6  3.569e-06
7  3.422e-06
1  2.302e-04
208
3  6.090e-06
5  9.396e-06
4  1.610e-05
2  1.398e-05
7  2.768e-06
6  2.682e-06
1  2.170e-04
209
2  6.712e-06
3  1.123e-05
5  1.066e-05
4  2.055e-05
7  1.846e-09
6  1.128e-06
1  2.058e-04
210
2  7.199e-06
5  8.894e-06
3  8.269e-06
4  1.741e-05
6  1.096e-06
7  4.045e-06
1  2.307e-04
211
3  1.126e-05
5  1.264e-05
2  1.103e-05
4  1.703e-05
7  3.862e-06
1  2.285e-04
6  4.916e-06
212
2  8.285e-06
3  6.820e-06
5  3.201e-06
4  2.265e-05
7  2.045e-06
6  2.368e-06
1  2.085e-04
213
2  3.625e-06
3  1.247e-05
4  1.935e-05
5  3.936e-06
7  4.077e-06
6  3.372e-06
1  1.907e-04
214
3  1.173e-05
2  6.188e-06
5  1.264e-05
4  1.063e-05
6  1.042e-06
7  5.120e-06
1  1.995e-04
215
3  9.401e-06
4  4.681e-06
2  4.565e-06
5  9.590e-06
7  2.658e-06
6  4.234e-06
1  2.031e-04
216
3  4.830e-06
5  7.184e-06
4  1.163e-05
2  5.795e-06
7  1.882e-06
6  4.293e-06
1  2.010e-04
217
2  9.462e-06
4  1.386e-05
5  9.590e-06
3  1.595e-05
7  6.267e-06
6  3.718e-06
1  2.204e-04
218
2  8.015e-06
4  1.432e-05
5  7.356e-06
3  1.101e-05
6  4.274e-06
7  6.463e-06
1  2.141e-04
219
2  3.452e-06
5  1.001e-05
4  2.099e-05
3  9.815e-06
7  4.051e-06
6  3.527e-06
1  1.955e-04
220
3  6.358e-06
2  8.368e-06
5  1.014e-05
4  1.148e-05
7  2.069e-06
6  3.672e-06
1  1.938e-04
221
3  7.674e-06
2  7.559e-06
5  1.007e-05
4  1.555e-05
7  6.469e-07
6  5.958e-06
1  1.877e-04
222
5  4.854e-09
3  5.372e-09
2  4.391e-09
4  1.658e-05
7  1.876e-09
6  1.850e-09
1  1.079e-04
223
4  1.012e-05
1  1.051e-04
224
3  0.000e+00
4  0.000e+00
7  0.000e+00
6  0.000e+00
5  0.000e+00
2  0.000e+00
1  0.000e+00
; file closed at 224ns
; trailer 819505344
